# Logfile created on Wed Dec 16 14:51:45 +0100 2009 by /
Will use local index.
using index in /home/omar/Proyectos/npb/index/development/location
[location] register class Location with index location
[location] default field list for index location: [:state, :area, :city, :zipcod, :region, :county, :city_initials]
using index in /home/omar/Proyectos/npb/index/development/property
[property] register class Property with index property
[property] default field list for index property: [:mls_id, :bedrooms, :title]
[location] register class Location with index location
[location] refusing re-registration of class Location
[property] register class Property with index property
[property] refusing re-registration of class Property
[location] register class Location with index location
[location] refusing re-registration of class Location
[property] register class Property with index property
[property] refusing re-registration of class Property
[location] register class Location with index location
[location] refusing re-registration of class Location
[property] register class Property with index property
[property] refusing re-registration of class Property
[location] register class Location with index location
[location] refusing re-registration of class Location
[property] register class Property with index property
[property] refusing re-registration of class Property
[location] register class Location with index location
[location] refusing re-registration of class Location
[property] register class Property with index property
[property] refusing re-registration of class Property
[location] register class Location with index location
[location] refusing re-registration of class Location
[property] register class Property with index property
[property] refusing re-registration of class Property
[location] register class Location with index location
[location] refusing re-registration of class Location
[property] register class Property with index property
[property] refusing re-registration of class Property
[location] register class Location with index location
[location] refusing re-registration of class Location
[property] register class Property with index property
[property] refusing re-registration of class Property
[location] register class Location with index location
[location] refusing re-registration of class Location
[property] register class Property with index property
[property] refusing re-registration of class Property
[location] register class Location with index location
[location] refusing re-registration of class Location
[property] register class Property with index property
[property] refusing re-registration of class Property
[location] register class Location with index location
[location] refusing re-registration of class Location
[property] register class Property with index property
[property] refusing re-registration of class Property
[location] register class Location with index location
[location] refusing re-registration of class Location
[property] register class Property with index property
[property] refusing re-registration of class Property
[location] register class Location with index location
[location] refusing re-registration of class Location
[property] register class Property with index property
[property] refusing re-registration of class Property
[location] register class Location with index location
[location] refusing re-registration of class Location
[property] register class Property with index property
[property] refusing re-registration of class Property
[location] register class Location with index location
[location] refusing re-registration of class Location
[property] register class Property with index property
[property] refusing re-registration of class Property
[location] register class Location with index location
[location] refusing re-registration of class Location
[property] register class Property with index property
[property] refusing re-registration of class Property
[location] register class Location with index location
[location] refusing re-registration of class Location
[property] register class Property with index property
[property] refusing re-registration of class Property
[location] register class Location with index location
[location] refusing re-registration of class Location
[property] register class Property with index property
[property] refusing re-registration of class Property
[location] register class Location with index location
[location] refusing re-registration of class Location
[property] register class Property with index property
[property] refusing re-registration of class Property
[location] register class Location with index location
[location] refusing re-registration of class Location
[property] register class Property with index property
[property] refusing re-registration of class Property
[location] register class Location with index location
[location] refusing re-registration of class Location
[property] register class Property with index property
[property] refusing re-registration of class Property
[location] register class Location with index location
[location] refusing re-registration of class Location
[property] register class Property with index property
[property] refusing re-registration of class Property
[location] register class Location with index location
[location] refusing re-registration of class Location
[property] register class Property with index property
[property] refusing re-registration of class Property
Will use local index.
using index in /home/omar/Proyectos/npb/index/development/location
[location] register class Location with index location
[location] default field list for index location: [:state, :area, :city, :zipcod, :region, :county, :city_initials]
using index in /home/omar/Proyectos/npb/index/development/property
[property] register class Property with index property
[property] default field list for index property: [:mls_id, :bedrooms, :title]
[location] register class Location with index location
[location] refusing re-registration of class Location
[property] register class Property with index property
[property] refusing re-registration of class Property
[location] register class Location with index location
[location] refusing re-registration of class Location
[property] register class Property with index property
[property] refusing re-registration of class Property
[location] register class Location with index location
[location] refusing re-registration of class Location
[property] register class Property with index property
[property] refusing re-registration of class Property
[location] register class Location with index location
[location] refusing re-registration of class Location
[property] register class Property with index property
[property] refusing re-registration of class Property
[location] register class Location with index location
[location] refusing re-registration of class Location
[property] register class Property with index property
[property] refusing re-registration of class Property
[location] register class Location with index location
[location] refusing re-registration of class Location
[property] register class Property with index property
[property] refusing re-registration of class Property
[location] register class Location with index location
[location] refusing re-registration of class Location
[property] register class Property with index property
[property] refusing re-registration of class Property
[location] register class Location with index location
[location] refusing re-registration of class Location
[property] register class Property with index property
[property] refusing re-registration of class Property
[location] register class Location with index location
[location] refusing re-registration of class Location
[property] register class Property with index property
[property] refusing re-registration of class Property
[location] register class Location with index location
[location] refusing re-registration of class Location
[property] register class Property with index property
[property] refusing re-registration of class Property
[location] register class Location with index location
[location] refusing re-registration of class Location
[property] register class Property with index property
[property] refusing re-registration of class Property
[location] register class Location with index location
[location] refusing re-registration of class Location
[property] register class Property with index property
[property] refusing re-registration of class Property
[location] register class Location with index location
[location] refusing re-registration of class Location
[property] register class Property with index property
[property] refusing re-registration of class Property
[location] register class Location with index location
[location] refusing re-registration of class Location
[property] register class Property with index property
[property] refusing re-registration of class Property
[location] register class Location with index location
[location] refusing re-registration of class Location
[property] register class Property with index property
[property] refusing re-registration of class Property
index_for [Location(id: integer, state: string, county: string, region: string, other: string, zipcod: string, country_id: integer, created_at: datetime, updated_at: datetime, city: string, city_initials: string)]
options: {:limit=>nil, :offset=>nil}
ar_options: {}
[location] stored_fields: nil
[location] query: Los Angeles
-->+(+(state:los area:los city:los zipcod:los region:los county:los city_initials:los) +(state:angeles area:angeles city:angeles zipcod:angeles region:angeles county:angeles city_initials:angeles)) +(class_name:Location)
[location] now retrieving records from AR with options: {}
[location] 0 results from AR: []
Query: Los Angeles
total hits: 0, results delivered: 0
[location] register class Location with index location
[location] refusing re-registration of class Location
[property] register class Property with index property
[property] refusing re-registration of class Property
[location] register class Location with index location
[location] refusing re-registration of class Location
[property] register class Property with index property
[property] refusing re-registration of class Property
[location] register class Location with index location
[location] refusing re-registration of class Location
[property] register class Property with index property
[property] refusing re-registration of class Property
index_for [Property(id: integer, title: string, description: text, bedrooms: integer, bathrooms: integer, living_areas: integer, built: integer, plot: integer, garden: integer, price: integer, location_id: integer, type_id: integer, created_at: datetime, updated_at: datetime, address: text, rental: boolean, facility_ids: string, featured: boolean, mls_id: string, half_bathrooms: integer, garage: integer, property_number: string)]
options: {:limit=>nil, :offset=>nil}
ar_options: {}
[property] stored_fields: nil
[property] query: 92660
-->+(mls_id:92660 bedrooms:92660 title:92660) +(class_name:Property)
[property] now retrieving records from AR with options: {}
[property] 0 results from AR: []
Query: 92660
total hits: 0, results delivered: 0
index_for [Location(id: integer, state: string, county: string, region: string, other: string, zipcod: string, country_id: integer, created_at: datetime, updated_at: datetime, city: string, city_initials: string)]
options: {:limit=>nil, :offset=>nil}
ar_options: {}
[location] stored_fields: nil
[location] query: 92660
-->+(state:92660 area:92660 city:92660 zipcod:92660 region:92660 county:92660 city_initials:92660) +(class_name:Location)
[location] now retrieving records from AR with options: {}
[location] 0 results from AR: []
Query: 92660
total hits: 0, results delivered: 0
using index in /home/omar/Proyectos/npb/index/development/type
[type] register class Type with index type
[type] default field list for index type: [:title]
index_for [Type(id: integer, title: string, created_at: datetime, updated_at: datetime)]
options: {:limit=>nil, :offset=>nil}
ar_options: {}
[type] stored_fields: nil
[type] query: 92660
-->+title:92660 +(class_name:Type)
[type] now retrieving records from AR with options: {}
[type] 0 results from AR: []
Query: 92660
total hits: 0, results delivered: 0
[location] register class Location with index location
[location] refusing re-registration of class Location
[property] register class Property with index property
[property] refusing re-registration of class Property
[location] register class Location with index location
[location] refusing re-registration of class Location
[property] register class Property with index property
[property] refusing re-registration of class Property
[location] register class Location with index location
[location] refusing re-registration of class Location
[property] register class Property with index property
[property] refusing re-registration of class Property
