Starting the New Relic Agent.
NewRelic Agent Developer Mode enabled.
To view performance information, go to http://localhost:3001/newrelic
New Relic RPM Agent 2.10.8 Initialized: pid = 6603
Agent Log found in /home/omar/Proyectos/EandV/npb/log/newrelic_agent.log
  [4;36;1mSQL (0.1ms)[0m   [0;1mSET NAMES 'utf8'[0m
  [4;35;1mSQL (0.1ms)[0m   [0mSET SQL_AUTO_IS_NULL=0[0m
  [4;36;1mSQL (64.7ms)[0m   [0;1mSHOW TABLES[0m
  [4;35;1mSQL (0.1ms)[0m   [0mSELECT version FROM schema_migrations[0m
  [4;36;1mSQL (0.7ms)[0m   [0;1mSET NAMES 'utf8'[0m
  [4;35;1mSQL (0.1ms)[0m   [0mSET SQL_AUTO_IS_NULL=0[0m


Processing ViewerController#show (for 127.0.0.1 at 2010-04-03 15:30:24) [GET]
  Parameters: {"name"=>"home"}
  [4;36;1mPage Load (0.2ms)[0m   [0;1mSELECT * FROM `pages` WHERE (parent_id IS NULL) ORDER BY position[0m
  [4;35;1mLocation Columns (19.1ms)[0m   [0mSHOW FIELDS FROM `locations`[0m
  [4;36;1mLocation Load (0.1ms)[0m   [0;1mSELECT * FROM `locations` [0m
  [4;35;1mCountry Columns (1.4ms)[0m   [0mSHOW FIELDS FROM `countries`[0m
  [4;36;1mCountry Load (0.1ms)[0m   [0;1mSELECT * FROM `countries` WHERE (`countries`.`id` IN (11,12,13,9)) [0m
  [4;35;1mProperty Columns (1.7ms)[0m   [0mSHOW FIELDS FROM `properties`[0m
  [4;36;1mSQL (0.1ms)[0m   [0;1mSELECT count(*) AS count_all FROM `properties` WHERE (`properties`.location_id = 11) [0m
  [4;35;1mSQL (0.1ms)[0m   [0mSELECT count(*) AS count_all FROM `properties` WHERE (`properties`.location_id = 13) [0m
  [4;36;1mSQL (0.1ms)[0m   [0;1mSELECT count(*) AS count_all FROM `properties` WHERE (`properties`.location_id = 14) [0m
  [4;35;1mSQL (0.1ms)[0m   [0mSELECT count(*) AS count_all FROM `properties` WHERE (`properties`.location_id = 15) [0m
  [4;36;1mSQL (0.1ms)[0m   [0;1mSELECT count(*) AS count_all FROM `properties` WHERE (`properties`.location_id = 16) [0m
  [4;35;1mSQL (0.1ms)[0m   [0mSELECT count(*) AS count_all FROM `properties` WHERE (`properties`.location_id = 17) [0m
  [4;36;1mSQL (0.1ms)[0m   [0;1mSELECT count(*) AS count_all FROM `properties` WHERE (`properties`.location_id = 18) [0m
  [4;35;1mSQL (0.1ms)[0m   [0mSELECT count(*) AS count_all FROM `properties` WHERE (`properties`.location_id = 19) [0m
  [4;36;1mSQL (0.1ms)[0m   [0;1mSELECT count(*) AS count_all FROM `properties` WHERE (`properties`.location_id = 20) [0m
  [4;35;1mCountry Load (0.1ms)[0m   [0mSELECT * FROM `countries` [0m
  [4;36;1mSQL (0.1ms)[0m   [0;1mSELECT count(*) AS count_all FROM `locations` WHERE (`locations`.country_id = 9) [0m
  [4;35;1mSQL (0.1ms)[0m   [0mSELECT count(*) AS count_all FROM `locations` WHERE (`locations`.country_id = 10) [0m
  [4;36;1mSQL (0.1ms)[0m   [0;1mSELECT count(*) AS count_all FROM `locations` WHERE (`locations`.country_id = 12) [0m
  [4;35;1mSQL (0.1ms)[0m   [0mSELECT count(*) AS count_all FROM `locations` WHERE (`locations`.country_id = 13) [0m
  [4;36;1mProperty Load (0.3ms)[0m   [0;1mSELECT * FROM `properties` ORDER BY bedrooms[0m
  [4;35;1mPost Load (0.3ms)[0m   [0mSELECT * FROM `posts` WHERE (parent_id > 0) ORDER BY date DESC[0m
  [4;36;1mPost Columns (1.3ms)[0m   [0;1mSHOW FIELDS FROM `posts`[0m
  [4;35;1mPost Load (0.8ms)[0m   [0mSELECT * FROM `posts` WHERE (`posts`.`id` = 22) [0m
  [4;36;1mCACHE (0.0ms)[0m   [0;1mSELECT * FROM `posts` WHERE (`posts`.`id` = 22) [0m
  [4;35;1mCACHE (0.0ms)[0m   [0mSELECT * FROM `posts` WHERE (`posts`.`id` = 22) [0m
  [4;36;1mCACHE (0.0ms)[0m   [0;1mSELECT * FROM `posts` WHERE (`posts`.`id` = 22) [0m
  [4;35;1mPost Load (0.1ms)[0m   [0mSELECT * FROM `posts` WHERE (`posts`.`id` = 4) [0m
  [4;36;1mCACHE (0.0ms)[0m   [0;1mSELECT * FROM `posts` WHERE (`posts`.`id` = 22) [0m
  [4;35;1mCACHE (0.0ms)[0m   [0mSELECT * FROM `posts` WHERE (`posts`.`id` = 4) [0m
  [4;36;1mCACHE (0.0ms)[0m   [0;1mSELECT * FROM `posts` WHERE (`posts`.`id` = 22) [0m
  [4;35;1mCACHE (0.0ms)[0m   [0mSELECT * FROM `posts` WHERE (`posts`.`id` = 22) [0m
  [4;36;1mCACHE (0.0ms)[0m   [0;1mSELECT * FROM `posts` WHERE (`posts`.`id` = 22) [0m
  [4;35;1mCACHE (0.0ms)[0m   [0mSELECT * FROM `posts` WHERE (`posts`.`id` = 4) [0m
  [4;36;1mPost Load (0.1ms)[0m   [0;1mSELECT * FROM `posts` WHERE (`posts`.`id` = 23) [0m
  [4;35;1mCACHE (0.0ms)[0m   [0mSELECT * FROM `posts` WHERE (`posts`.`id` = 23) [0m
  [4;36;1mCACHE (0.0ms)[0m   [0;1mSELECT * FROM `posts` WHERE (`posts`.`id` = 4) [0m
  [4;35;1mPage Columns (1.7ms)[0m   [0mSHOW FIELDS FROM `pages`[0m
  [4;36;1mPage Load (0.1ms)[0m   [0;1mSELECT * FROM `pages` WHERE (`pages`.`name` = 'home') LIMIT 1[0m
  [4;35;1mPage Load (0.1ms)[0m   [0mSELECT * FROM `pages` WHERE (`pages`.`name` IS NULL) LIMIT 1[0m
  [4;36;1mPost Load (0.2ms)[0m   [0;1mSELECT * FROM `posts` WHERE (parent_id = 4) ORDER BY date DESC[0m
  [4;35;1mMetatag Load (0.1ms)[0m   [0mSELECT * FROM `metatags` WHERE (`metatags`.page_id = 1) LIMIT 1[0m
  [4;36;1mMetatag Columns (0.6ms)[0m   [0;1mSHOW FIELDS FROM `metatags`[0m
Rendering template within layouts/application
Rendering viewer/show
  [4;35;1mSQL (0.1ms)[0m   [0mSELECT count(*) AS count_all FROM `pages` WHERE (`pages`.parent_id = 1) [0m
Rendered shared/_keepdiscovering (1.7ms)
Rendered shared/_polaroid (1.2ms)
Rendered shared/leftside/_chatlive (1.6ms)
Rendered shared/leftside/_sharethis (1.1ms)
Rendered shared/leftside/_marketreport (2.4ms)
Rendered shared/leftside/_gossip (9.9ms)
Rendered shared/leftside/_gossip (1.2ms)
Rendered shared/leftside/_gossip (0.8ms)
Rendered shared/leftside/_gossip (0.8ms)
Rendered shared/leftside/_gossip (1.0ms)
Rendered shared/leftside/_gossip (1.1ms)
Rendered shared/leftside/_gossip (0.8ms)
Rendered shared/leftside/_gossip (0.7ms)
Rendered shared/leftside/_gossip (0.8ms)
Rendered shared/leftside/_gossip (0.7ms)
Rendered shared/_home_sidenav (72.6ms)
  [4;36;1mCACHE (0.0ms)[0m   [0;1mSELECT * FROM `posts` WHERE (`posts`.`id` = 4) [0m
Rendered shared/_post (4.5ms)
  [4;35;1mCACHE (0.0ms)[0m   [0mSELECT * FROM `posts` WHERE (`posts`.`id` = 4) [0m
Rendered shared/_post (1.6ms)
  [4;36;1mCACHE (0.0ms)[0m   [0;1mSELECT * FROM `posts` WHERE (`posts`.`id` = 4) [0m
Rendered shared/_post (2.0ms)
  [4;35;1mCACHE (0.0ms)[0m   [0mSELECT * FROM `posts` WHERE (`posts`.`id` = 4) [0m
Rendered shared/_post (1.6ms)
Rendered shared/search/_quickquery (4.1ms)
Rendered shared/search/_advancedselectable (10.7ms)
Rendered shared/_advancedsearchbox (36.6ms)
Rendered shared/_eandv_vip (7.3ms)
Rendered shared/_top5 (1.5ms)
Rendered shared/_gg_mag (1.4ms)
Rendered shared/_home_right (34.5ms)
Rendered shared/_front_menu (21.1ms)
Rendered shared/_prefooter (1.8ms)
Rendered shared/_footer (8.5ms)
Completed in 900ms (View: 638, DB: 30) | 200 OK [http://localhost/]
  [4;36;1mSQL (0.1ms)[0m   [0;1mSET NAMES 'utf8'[0m
  [4;35;1mSQL (0.1ms)[0m   [0mSET SQL_AUTO_IS_NULL=0[0m


Processing ViewerController#show (for 127.0.0.1 at 2010-04-03 15:30:25) [GET]
  Parameters: {"name"=>"home"}
  [4;36;1mPage Load (0.1ms)[0m   [0;1mSELECT * FROM `pages` WHERE (parent_id IS NULL) ORDER BY position[0m
  [4;35;1mLocation Columns (1.0ms)[0m   [0mSHOW FIELDS FROM `locations`[0m
  [4;36;1mLocation Load (0.1ms)[0m   [0;1mSELECT * FROM `locations` [0m
  [4;35;1mCountry Columns (0.8ms)[0m   [0mSHOW FIELDS FROM `countries`[0m
  [4;36;1mCountry Load (0.1ms)[0m   [0;1mSELECT * FROM `countries` WHERE (`countries`.`id` IN (11,12,13,9)) [0m
  [4;35;1mProperty Columns (1.2ms)[0m   [0mSHOW FIELDS FROM `properties`[0m
  [4;36;1mSQL (0.1ms)[0m   [0;1mSELECT count(*) AS count_all FROM `properties` WHERE (`properties`.location_id = 11) [0m
  [4;35;1mSQL (0.1ms)[0m   [0mSELECT count(*) AS count_all FROM `properties` WHERE (`properties`.location_id = 13) [0m
  [4;36;1mSQL (0.1ms)[0m   [0;1mSELECT count(*) AS count_all FROM `properties` WHERE (`properties`.location_id = 14) [0m
  [4;35;1mSQL (0.1ms)[0m   [0mSELECT count(*) AS count_all FROM `properties` WHERE (`properties`.location_id = 15) [0m
  [4;36;1mSQL (0.0ms)[0m   [0;1mSELECT count(*) AS count_all FROM `properties` WHERE (`properties`.location_id = 16) [0m
  [4;35;1mSQL (0.1ms)[0m   [0mSELECT count(*) AS count_all FROM `properties` WHERE (`properties`.location_id = 17) [0m
  [4;36;1mSQL (0.1ms)[0m   [0;1mSELECT count(*) AS count_all FROM `properties` WHERE (`properties`.location_id = 18) [0m
  [4;35;1mSQL (0.1ms)[0m   [0mSELECT count(*) AS count_all FROM `properties` WHERE (`properties`.location_id = 19) [0m
  [4;36;1mSQL (0.1ms)[0m   [0;1mSELECT count(*) AS count_all FROM `properties` WHERE (`properties`.location_id = 20) [0m
  [4;35;1mCountry Load (0.1ms)[0m   [0mSELECT * FROM `countries` [0m
  [4;36;1mSQL (0.1ms)[0m   [0;1mSELECT count(*) AS count_all FROM `locations` WHERE (`locations`.country_id = 9) [0m
  [4;35;1mSQL (0.1ms)[0m   [0mSELECT count(*) AS count_all FROM `locations` WHERE (`locations`.country_id = 10) [0m
  [4;36;1mSQL (0.0ms)[0m   [0;1mSELECT count(*) AS count_all FROM `locations` WHERE (`locations`.country_id = 12) [0m
  [4;35;1mSQL (0.1ms)[0m   [0mSELECT count(*) AS count_all FROM `locations` WHERE (`locations`.country_id = 13) [0m
  [4;36;1mProperty Load (0.1ms)[0m   [0;1mSELECT * FROM `properties` ORDER BY bedrooms[0m
  [4;35;1mPost Load (0.2ms)[0m   [0mSELECT * FROM `posts` WHERE (parent_id > 0) ORDER BY date DESC[0m
  [4;36;1mPost Columns (0.9ms)[0m   [0;1mSHOW FIELDS FROM `posts`[0m
  [4;35;1mPost Load (0.1ms)[0m   [0mSELECT * FROM `posts` WHERE (`posts`.`id` = 22) [0m
  [4;36;1mCACHE (0.0ms)[0m   [0;1mSELECT * FROM `posts` WHERE (`posts`.`id` = 22) [0m
  [4;35;1mCACHE (0.0ms)[0m   [0mSELECT * FROM `posts` WHERE (`posts`.`id` = 22) [0m
  [4;36;1mCACHE (0.0ms)[0m   [0;1mSELECT * FROM `posts` WHERE (`posts`.`id` = 22) [0m
  [4;35;1mPost Load (0.1ms)[0m   [0mSELECT * FROM `posts` WHERE (`posts`.`id` = 4) [0m
  [4;36;1mCACHE (0.0ms)[0m   [0;1mSELECT * FROM `posts` WHERE (`posts`.`id` = 22) [0m
  [4;35;1mCACHE (0.0ms)[0m   [0mSELECT * FROM `posts` WHERE (`posts`.`id` = 4) [0m
  [4;36;1mCACHE (0.0ms)[0m   [0;1mSELECT * FROM `posts` WHERE (`posts`.`id` = 22) [0m
  [4;35;1mCACHE (0.0ms)[0m   [0mSELECT * FROM `posts` WHERE (`posts`.`id` = 22) [0m
  [4;36;1mCACHE (0.0ms)[0m   [0;1mSELECT * FROM `posts` WHERE (`posts`.`id` = 22) [0m
  [4;35;1mCACHE (0.0ms)[0m   [0mSELECT * FROM `posts` WHERE (`posts`.`id` = 4) [0m
  [4;36;1mPost Load (0.1ms)[0m   [0;1mSELECT * FROM `posts` WHERE (`posts`.`id` = 23) [0m
  [4;35;1mCACHE (0.0ms)[0m   [0mSELECT * FROM `posts` WHERE (`posts`.`id` = 23) [0m
  [4;36;1mCACHE (0.0ms)[0m   [0;1mSELECT * FROM `posts` WHERE (`posts`.`id` = 4) [0m
  [4;35;1mPage Columns (0.9ms)[0m   [0mSHOW FIELDS FROM `pages`[0m
  [4;36;1mPage Load (0.1ms)[0m   [0;1mSELECT * FROM `pages` WHERE (`pages`.`name` = 'home') LIMIT 1[0m
  [4;35;1mPage Load (0.1ms)[0m   [0mSELECT * FROM `pages` WHERE (`pages`.`name` IS NULL) LIMIT 1[0m
  [4;36;1mPost Load (0.1ms)[0m   [0;1mSELECT * FROM `posts` WHERE (parent_id = 4) ORDER BY date DESC[0m
  [4;35;1mMetatag Load (0.1ms)[0m   [0mSELECT * FROM `metatags` WHERE (`metatags`.page_id = 1) LIMIT 1[0m
  [4;36;1mMetatag Columns (0.6ms)[0m   [0;1mSHOW FIELDS FROM `metatags`[0m
Rendering template within layouts/application
Rendering viewer/show
  [4;35;1mSQL (0.1ms)[0m   [0mSELECT count(*) AS count_all FROM `pages` WHERE (`pages`.parent_id = 1) [0m
Rendered shared/_keepdiscovering (1.2ms)
Rendered shared/_polaroid (0.3ms)
Rendered shared/leftside/_chatlive (0.7ms)
Rendered shared/leftside/_sharethis (0.3ms)
Rendered shared/leftside/_marketreport (1.2ms)
Rendered shared/leftside/_gossip (1.1ms)
Rendered shared/leftside/_gossip (0.5ms)
Rendered shared/leftside/_gossip (0.5ms)
Rendered shared/leftside/_gossip (0.5ms)
Rendered shared/leftside/_gossip (0.5ms)
Rendered shared/leftside/_gossip (0.5ms)
Rendered shared/leftside/_gossip (0.5ms)
Rendered shared/leftside/_gossip (0.5ms)
Rendered shared/leftside/_gossip (0.5ms)
Rendered shared/leftside/_gossip (0.7ms)
Rendered shared/_home_sidenav (19.4ms)
  [4;36;1mCACHE (0.0ms)[0m   [0;1mSELECT * FROM `posts` WHERE (`posts`.`id` = 4) [0m
Rendered shared/_post (1.1ms)
  [4;35;1mCACHE (0.0ms)[0m   [0mSELECT * FROM `posts` WHERE (`posts`.`id` = 4) [0m
Rendered shared/_post (1.0ms)
  [4;36;1mCACHE (0.0ms)[0m   [0;1mSELECT * FROM `posts` WHERE (`posts`.`id` = 4) [0m
Rendered shared/_post (1.5ms)
  [4;35;1mCACHE (0.0ms)[0m   [0mSELECT * FROM `posts` WHERE (`posts`.`id` = 4) [0m
Rendered shared/_post (1.0ms)
Rendered shared/search/_quickquery (1.7ms)
Rendered shared/search/_advancedselectable (7.5ms)
Rendered shared/_advancedsearchbox (11.2ms)
Rendered shared/_eandv_vip (1.7ms)
Rendered shared/_top5 (0.3ms)
Rendered shared/_gg_mag (0.3ms)
Rendered shared/_home_right (3.9ms)
Rendered shared/_front_menu (5.9ms)
Rendered shared/_prefooter (0.3ms)
Rendered shared/_footer (1.3ms)
Completed in 262ms (View: 66, DB: 8) | 200 OK [http://localhost/]
  [4;36;1mSQL (0.1ms)[0m   [0;1mSET NAMES 'utf8'[0m
  [4;35;1mSQL (0.2ms)[0m   [0mSET SQL_AUTO_IS_NULL=0[0m


Processing RssController#about (for 127.0.0.1 at 2010-04-03 15:30:29) [GET]
  [4;36;1mPage Load (8.1ms)[0m   [0;1mSELECT * FROM `pages` WHERE (parent_id IS NULL) ORDER BY position[0m
  [4;35;1mLocation Columns (7.5ms)[0m   [0mSHOW FIELDS FROM `locations`[0m
  [4;36;1mLocation Load (0.1ms)[0m   [0;1mSELECT * FROM `locations` [0m
  [4;35;1mCountry Columns (0.8ms)[0m   [0mSHOW FIELDS FROM `countries`[0m
  [4;36;1mCountry Load (0.1ms)[0m   [0;1mSELECT * FROM `countries` WHERE (`countries`.`id` IN (11,12,13,9)) [0m
  [4;35;1mProperty Columns (1.2ms)[0m   [0mSHOW FIELDS FROM `properties`[0m
  [4;36;1mSQL (0.1ms)[0m   [0;1mSELECT count(*) AS count_all FROM `properties` WHERE (`properties`.location_id = 11) [0m
  [4;35;1mSQL (0.1ms)[0m   [0mSELECT count(*) AS count_all FROM `properties` WHERE (`properties`.location_id = 13) [0m
  [4;36;1mSQL (0.1ms)[0m   [0;1mSELECT count(*) AS count_all FROM `properties` WHERE (`properties`.location_id = 14) [0m
  [4;35;1mSQL (0.1ms)[0m   [0mSELECT count(*) AS count_all FROM `properties` WHERE (`properties`.location_id = 15) [0m
  [4;36;1mSQL (0.0ms)[0m   [0;1mSELECT count(*) AS count_all FROM `properties` WHERE (`properties`.location_id = 16) [0m
  [4;35;1mSQL (0.0ms)[0m   [0mSELECT count(*) AS count_all FROM `properties` WHERE (`properties`.location_id = 17) [0m
  [4;36;1mSQL (0.0ms)[0m   [0;1mSELECT count(*) AS count_all FROM `properties` WHERE (`properties`.location_id = 18) [0m
  [4;35;1mSQL (0.0ms)[0m   [0mSELECT count(*) AS count_all FROM `properties` WHERE (`properties`.location_id = 19) [0m
  [4;36;1mSQL (0.0ms)[0m   [0;1mSELECT count(*) AS count_all FROM `properties` WHERE (`properties`.location_id = 20) [0m
  [4;35;1mCountry Load (0.1ms)[0m   [0mSELECT * FROM `countries` [0m
  [4;36;1mSQL (0.1ms)[0m   [0;1mSELECT count(*) AS count_all FROM `locations` WHERE (`locations`.country_id = 9) [0m
  [4;35;1mSQL (0.0ms)[0m   [0mSELECT count(*) AS count_all FROM `locations` WHERE (`locations`.country_id = 10) [0m
  [4;36;1mSQL (0.1ms)[0m   [0;1mSELECT count(*) AS count_all FROM `locations` WHERE (`locations`.country_id = 12) [0m
  [4;35;1mSQL (0.0ms)[0m   [0mSELECT count(*) AS count_all FROM `locations` WHERE (`locations`.country_id = 13) [0m
  [4;36;1mProperty Load (0.3ms)[0m   [0;1mSELECT * FROM `properties` ORDER BY bedrooms[0m
  [4;35;1mPost Load (0.2ms)[0m   [0mSELECT * FROM `posts` WHERE (parent_id > 0) ORDER BY date DESC[0m
  [4;36;1mPost Columns (0.9ms)[0m   [0;1mSHOW FIELDS FROM `posts`[0m
  [4;35;1mPost Load (0.1ms)[0m   [0mSELECT * FROM `posts` WHERE (`posts`.`id` = 22) [0m
  [4;36;1mCACHE (0.0ms)[0m   [0;1mSELECT * FROM `posts` WHERE (`posts`.`id` = 22) [0m
  [4;35;1mCACHE (0.0ms)[0m   [0mSELECT * FROM `posts` WHERE (`posts`.`id` = 22) [0m
  [4;36;1mCACHE (0.0ms)[0m   [0;1mSELECT * FROM `posts` WHERE (`posts`.`id` = 22) [0m
  [4;35;1mPost Load (0.1ms)[0m   [0mSELECT * FROM `posts` WHERE (`posts`.`id` = 4) [0m
  [4;36;1mCACHE (0.0ms)[0m   [0;1mSELECT * FROM `posts` WHERE (`posts`.`id` = 22) [0m
  [4;35;1mCACHE (0.0ms)[0m   [0mSELECT * FROM `posts` WHERE (`posts`.`id` = 4) [0m
  [4;36;1mCACHE (0.0ms)[0m   [0;1mSELECT * FROM `posts` WHERE (`posts`.`id` = 22) [0m
  [4;35;1mCACHE (0.0ms)[0m   [0mSELECT * FROM `posts` WHERE (`posts`.`id` = 22) [0m
  [4;36;1mCACHE (0.0ms)[0m   [0;1mSELECT * FROM `posts` WHERE (`posts`.`id` = 22) [0m
  [4;35;1mCACHE (0.0ms)[0m   [0mSELECT * FROM `posts` WHERE (`posts`.`id` = 4) [0m
  [4;36;1mPost Load (0.1ms)[0m   [0;1mSELECT * FROM `posts` WHERE (`posts`.`id` = 23) [0m
  [4;35;1mCACHE (0.0ms)[0m   [0mSELECT * FROM `posts` WHERE (`posts`.`id` = 23) [0m
  [4;36;1mCACHE (0.0ms)[0m   [0;1mSELECT * FROM `posts` WHERE (`posts`.`id` = 4) [0m
  [4;35;1mCACHE (0.0ms)[0m   [0mSELECT * FROM `countries` [0m
  [4;36;1mLocation Load (0.1ms)[0m   [0;1mSELECT * FROM `locations` WHERE (`locations`.country_id = 9) [0m
  [4;35;1mCACHE (0.0ms)[0m   [0mSELECT count(*) AS count_all FROM `properties` WHERE (`properties`.location_id = 11) [0m
  [4;36;1mCACHE (0.0ms)[0m   [0;1mSELECT count(*) AS count_all FROM `properties` WHERE (`properties`.location_id = 13) [0m
  [4;35;1mCACHE (0.0ms)[0m   [0mSELECT count(*) AS count_all FROM `properties` WHERE (`properties`.location_id = 14) [0m
  [4;36;1mCACHE (0.0ms)[0m   [0;1mSELECT count(*) AS count_all FROM `properties` WHERE (`properties`.location_id = 15) [0m
  [4;35;1mCACHE (0.0ms)[0m   [0mSELECT count(*) AS count_all FROM `properties` WHERE (`properties`.location_id = 16) [0m
  [4;36;1mCACHE (0.0ms)[0m   [0;1mSELECT count(*) AS count_all FROM `properties` WHERE (`properties`.location_id = 17) [0m
  [4;35;1mLocation Load (0.1ms)[0m   [0mSELECT * FROM `locations` WHERE (`locations`.country_id = 10) [0m
  [4;36;1mLocation Load (0.1ms)[0m   [0;1mSELECT * FROM `locations` WHERE (`locations`.country_id = 12) [0m
  [4;35;1mCACHE (0.0ms)[0m   [0mSELECT count(*) AS count_all FROM `properties` WHERE (`properties`.location_id = 19) [0m
  [4;36;1mLocation Load (0.1ms)[0m   [0;1mSELECT * FROM `locations` WHERE (`locations`.country_id = 13) [0m
  [4;35;1mCACHE (0.0ms)[0m   [0mSELECT count(*) AS count_all FROM `properties` WHERE (`properties`.location_id = 20) [0m
Rendering rss/about
Completed in 348ms (View: 203, DB: 21) | 200 OK [http://localhost/about.xml]
  [4;36;1mSQL (1.4ms)[0m   [0;1mSET NAMES 'utf8'[0m
  [4;35;1mSQL (0.1ms)[0m   [0mSET SQL_AUTO_IS_NULL=0[0m


Processing RssController#partners (for 127.0.0.1 at 2010-04-03 15:30:29) [GET]
  [4;36;1mPage Load (0.1ms)[0m   [0;1mSELECT * FROM `pages` WHERE (parent_id IS NULL) ORDER BY position[0m
  [4;35;1mLocation Columns (3.0ms)[0m   [0mSHOW FIELDS FROM `locations`[0m
  [4;36;1mLocation Load (0.1ms)[0m   [0;1mSELECT * FROM `locations` [0m
  [4;35;1mCountry Columns (0.8ms)[0m   [0mSHOW FIELDS FROM `countries`[0m
  [4;36;1mCountry Load (0.1ms)[0m   [0;1mSELECT * FROM `countries` WHERE (`countries`.`id` IN (11,12,13,9)) [0m
  [4;35;1mProperty Columns (1.2ms)[0m   [0mSHOW FIELDS FROM `properties`[0m
  [4;36;1mSQL (0.1ms)[0m   [0;1mSELECT count(*) AS count_all FROM `properties` WHERE (`properties`.location_id = 11) [0m
  [4;35;1mSQL (0.1ms)[0m   [0mSELECT count(*) AS count_all FROM `properties` WHERE (`properties`.location_id = 13) [0m
  [4;36;1mSQL (0.1ms)[0m   [0;1mSELECT count(*) AS count_all FROM `properties` WHERE (`properties`.location_id = 14) [0m
  [4;35;1mSQL (0.1ms)[0m   [0mSELECT count(*) AS count_all FROM `properties` WHERE (`properties`.location_id = 15) [0m
  [4;36;1mSQL (0.1ms)[0m   [0;1mSELECT count(*) AS count_all FROM `properties` WHERE (`properties`.location_id = 16) [0m
  [4;35;1mSQL (0.1ms)[0m   [0mSELECT count(*) AS count_all FROM `properties` WHERE (`properties`.location_id = 17) [0m
  [4;36;1mSQL (0.1ms)[0m   [0;1mSELECT count(*) AS count_all FROM `properties` WHERE (`properties`.location_id = 18) [0m
  [4;35;1mSQL (0.1ms)[0m   [0mSELECT count(*) AS count_all FROM `properties` WHERE (`properties`.location_id = 19) [0m
  [4;36;1mSQL (0.1ms)[0m   [0;1mSELECT count(*) AS count_all FROM `properties` WHERE (`properties`.location_id = 20) [0m
  [4;35;1mCountry Load (0.1ms)[0m   [0mSELECT * FROM `countries` [0m
  [4;36;1mSQL (0.1ms)[0m   [0;1mSELECT count(*) AS count_all FROM `locations` WHERE (`locations`.country_id = 9) [0m
  [4;35;1mSQL (0.1ms)[0m   [0mSELECT count(*) AS count_all FROM `locations` WHERE (`locations`.country_id = 10) [0m
  [4;36;1mSQL (0.1ms)[0m   [0;1mSELECT count(*) AS count_all FROM `locations` WHERE (`locations`.country_id = 12) [0m
  [4;35;1mSQL (0.0ms)[0m   [0mSELECT count(*) AS count_all FROM `locations` WHERE (`locations`.country_id = 13) [0m
  [4;36;1mProperty Load (0.1ms)[0m   [0;1mSELECT * FROM `properties` ORDER BY bedrooms[0m
  [4;35;1mPost Load (0.2ms)[0m   [0mSELECT * FROM `posts` WHERE (parent_id > 0) ORDER BY date DESC[0m
  [4;36;1mPost Columns (0.9ms)[0m   [0;1mSHOW FIELDS FROM `posts`[0m
  [4;35;1mPost Load (0.1ms)[0m   [0mSELECT * FROM `posts` WHERE (`posts`.`id` = 22) [0m
  [4;36;1mCACHE (0.0ms)[0m   [0;1mSELECT * FROM `posts` WHERE (`posts`.`id` = 22) [0m
  [4;35;1mCACHE (0.0ms)[0m   [0mSELECT * FROM `posts` WHERE (`posts`.`id` = 22) [0m
  [4;36;1mCACHE (0.0ms)[0m   [0;1mSELECT * FROM `posts` WHERE (`posts`.`id` = 22) [0m
  [4;35;1mPost Load (0.1ms)[0m   [0mSELECT * FROM `posts` WHERE (`posts`.`id` = 4) [0m
  [4;36;1mCACHE (0.0ms)[0m   [0;1mSELECT * FROM `posts` WHERE (`posts`.`id` = 22) [0m
  [4;35;1mCACHE (0.0ms)[0m   [0mSELECT * FROM `posts` WHERE (`posts`.`id` = 4) [0m
  [4;36;1mCACHE (0.0ms)[0m   [0;1mSELECT * FROM `posts` WHERE (`posts`.`id` = 22) [0m
  [4;35;1mCACHE (0.0ms)[0m   [0mSELECT * FROM `posts` WHERE (`posts`.`id` = 22) [0m
  [4;36;1mCACHE (0.0ms)[0m   [0;1mSELECT * FROM `posts` WHERE (`posts`.`id` = 22) [0m
  [4;35;1mCACHE (0.0ms)[0m   [0mSELECT * FROM `posts` WHERE (`posts`.`id` = 4) [0m
  [4;36;1mPost Load (0.1ms)[0m   [0;1mSELECT * FROM `posts` WHERE (`posts`.`id` = 23) [0m
  [4;35;1mCACHE (0.0ms)[0m   [0mSELECT * FROM `posts` WHERE (`posts`.`id` = 23) [0m
  [4;36;1mCACHE (0.0ms)[0m   [0;1mSELECT * FROM `posts` WHERE (`posts`.`id` = 4) [0m
  [4;35;1mPartner Load (0.1ms)[0m   [0mSELECT * FROM `partners` [0m
Rendering rss/partners
  [4;36;1mPartner Columns (54.2ms)[0m   [0;1mSHOW FIELDS FROM `partners`[0m
Completed in 258ms (View: 51, DB: 64) | 200 OK [http://localhost/partners.xml]
  [4;35;1mSQL (0.1ms)[0m   [0mSET NAMES 'utf8'[0m
  [4;36;1mSQL (0.1ms)[0m   [0;1mSET SQL_AUTO_IS_NULL=0[0m


Processing RssController#featured (for 127.0.0.1 at 2010-04-03 15:30:30) [GET]
  [4;35;1mPage Load (0.2ms)[0m   [0mSELECT * FROM `pages` WHERE (parent_id IS NULL) ORDER BY position[0m
  [4;36;1mLocation Columns (0.8ms)[0m   [0;1mSHOW FIELDS FROM `locations`[0m
  [4;35;1mLocation Load (0.2ms)[0m   [0mSELECT * FROM `locations` [0m
  [4;36;1mCountry Columns (0.9ms)[0m   [0;1mSHOW FIELDS FROM `countries`[0m
  [4;35;1mCountry Load (0.1ms)[0m   [0mSELECT * FROM `countries` WHERE (`countries`.`id` IN (11,12,13,9)) [0m
  [4;36;1mProperty Columns (1.2ms)[0m   [0;1mSHOW FIELDS FROM `properties`[0m
  [4;35;1mSQL (0.1ms)[0m   [0mSELECT count(*) AS count_all FROM `properties` WHERE (`properties`.location_id = 11) [0m
  [4;36;1mSQL (0.1ms)[0m   [0;1mSELECT count(*) AS count_all FROM `properties` WHERE (`properties`.location_id = 13) [0m
  [4;35;1mSQL (0.1ms)[0m   [0mSELECT count(*) AS count_all FROM `properties` WHERE (`properties`.location_id = 14) [0m
  [4;36;1mSQL (0.1ms)[0m   [0;1mSELECT count(*) AS count_all FROM `properties` WHERE (`properties`.location_id = 15) [0m
  [4;35;1mSQL (0.1ms)[0m   [0mSELECT count(*) AS count_all FROM `properties` WHERE (`properties`.location_id = 16) [0m
  [4;36;1mSQL (0.1ms)[0m   [0;1mSELECT count(*) AS count_all FROM `properties` WHERE (`properties`.location_id = 17) [0m
  [4;35;1mSQL (0.1ms)[0m   [0mSELECT count(*) AS count_all FROM `properties` WHERE (`properties`.location_id = 18) [0m
  [4;36;1mSQL (0.1ms)[0m   [0;1mSELECT count(*) AS count_all FROM `properties` WHERE (`properties`.location_id = 19) [0m
  [4;35;1mSQL (0.1ms)[0m   [0mSELECT count(*) AS count_all FROM `properties` WHERE (`properties`.location_id = 20) [0m
  [4;36;1mCountry Load (0.1ms)[0m   [0;1mSELECT * FROM `countries` [0m
  [4;35;1mSQL (0.1ms)[0m   [0mSELECT count(*) AS count_all FROM `locations` WHERE (`locations`.country_id = 9) [0m
  [4;36;1mSQL (0.1ms)[0m   [0;1mSELECT count(*) AS count_all FROM `locations` WHERE (`locations`.country_id = 10) [0m
  [4;35;1mSQL (0.1ms)[0m   [0mSELECT count(*) AS count_all FROM `locations` WHERE (`locations`.country_id = 12) [0m
  [4;36;1mSQL (0.1ms)[0m   [0;1mSELECT count(*) AS count_all FROM `locations` WHERE (`locations`.country_id = 13) [0m
  [4;35;1mProperty Load (0.2ms)[0m   [0mSELECT * FROM `properties` ORDER BY bedrooms[0m
  [4;36;1mPost Load (0.5ms)[0m   [0;1mSELECT * FROM `posts` WHERE (parent_id > 0) ORDER BY date DESC[0m
  [4;35;1mPost Columns (0.9ms)[0m   [0mSHOW FIELDS FROM `posts`[0m
  [4;36;1mPost Load (0.1ms)[0m   [0;1mSELECT * FROM `posts` WHERE (`posts`.`id` = 22) [0m
  [4;35;1mCACHE (0.0ms)[0m   [0mSELECT * FROM `posts` WHERE (`posts`.`id` = 22) [0m
  [4;36;1mCACHE (0.0ms)[0m   [0;1mSELECT * FROM `posts` WHERE (`posts`.`id` = 22) [0m
  [4;35;1mCACHE (0.0ms)[0m   [0mSELECT * FROM `posts` WHERE (`posts`.`id` = 22) [0m
  [4;36;1mPost Load (0.1ms)[0m   [0;1mSELECT * FROM `posts` WHERE (`posts`.`id` = 4) [0m
  [4;35;1mCACHE (0.0ms)[0m   [0mSELECT * FROM `posts` WHERE (`posts`.`id` = 22) [0m
  [4;36;1mCACHE (0.0ms)[0m   [0;1mSELECT * FROM `posts` WHERE (`posts`.`id` = 4) [0m
  [4;35;1mCACHE (0.0ms)[0m   [0mSELECT * FROM `posts` WHERE (`posts`.`id` = 22) [0m
  [4;36;1mCACHE (0.0ms)[0m   [0;1mSELECT * FROM `posts` WHERE (`posts`.`id` = 22) [0m
  [4;35;1mCACHE (0.0ms)[0m   [0mSELECT * FROM `posts` WHERE (`posts`.`id` = 22) [0m
  [4;36;1mCACHE (0.0ms)[0m   [0;1mSELECT * FROM `posts` WHERE (`posts`.`id` = 4) [0m
  [4;35;1mPost Load (0.1ms)[0m   [0mSELECT * FROM `posts` WHERE (`posts`.`id` = 23) [0m
  [4;36;1mCACHE (0.0ms)[0m   [0;1mSELECT * FROM `posts` WHERE (`posts`.`id` = 23) [0m
  [4;35;1mCACHE (0.0ms)[0m   [0mSELECT * FROM `posts` WHERE (`posts`.`id` = 4) [0m
  [4;36;1mProperty Load Including Associations (0.1ms)[0m   [0;1mSELECT `properties`.`id` AS t0_r0, `properties`.`title` AS t0_r1, `properties`.`description` AS t0_r2, `properties`.`bedrooms` AS t0_r3, `properties`.`bathrooms` AS t0_r4, `properties`.`living_areas` AS t0_r5, `properties`.`built` AS t0_r6, `properties`.`plot` AS t0_r7, `properties`.`garden` AS t0_r8, `properties`.`price` AS t0_r9, `properties`.`location_id` AS t0_r10, `properties`.`type_id` AS t0_r11, `properties`.`created_at` AS t0_r12, `properties`.`updated_at` AS t0_r13, `properties`.`address` AS t0_r14, `properties`.`rental` AS t0_r15, `properties`.`facility_ids` AS t0_r16, `properties`.`featured` AS t0_r17, `properties`.`mls_id` AS t0_r18, `properties`.`half_bathrooms` AS t0_r19, `properties`.`garage` AS t0_r20, `properties`.`property_number` AS t0_r21, `properties`.`youtube` AS t0_r22, `properties`.`pdf_file_name` AS t0_r23, `properties`.`pdf_content_type` AS t0_r24, `properties`.`pdf_file_size` AS t0_r25, `properties`.`pdf_updated_at` AS t0_r26, `properties`.`validated` AS t0_r27, `properties`.`subtitle` AS t0_r28, `locations`.`id` AS t1_r0, `locations`.`state` AS t1_r1, `locations`.`county` AS t1_r2, `locations`.`region` AS t1_r3, `locations`.`other` AS t1_r4, `locations`.`zipcod` AS t1_r5, `locations`.`country_id` AS t1_r6, `locations`.`created_at` AS t1_r7, `locations`.`updated_at` AS t1_r8, `locations`.`city` AS t1_r9, `locations`.`city_initials` AS t1_r10 FROM `properties` LEFT OUTER JOIN `locations` ON `locations`.id = `properties`.location_id WHERE (featured = 1) ORDER BY locations.region[0m
Rendering rss/featured
  [4;35;1mFeaturedGallery Load (0.1ms)[0m   [0mSELECT * FROM `featured_galleries` WHERE (`featured_galleries`.property_id = 1) LIMIT 1[0m
  [4;36;1mFeaturedGallery Columns (28.3ms)[0m   [0;1mSHOW FIELDS FROM `featured_galleries`[0m
  [4;35;1mFeaturedUpload Load (0.1ms)[0m   [0mSELECT * FROM `featured_uploads` WHERE (`featured_uploads`.featured_gallery_id = 4) [0m
  [4;36;1mFeaturedUpload Columns (0.8ms)[0m   [0;1mSHOW FIELDS FROM `featured_uploads`[0m
  [4;35;1mCountry Load (0.1ms)[0m   [0mSELECT * FROM `countries` WHERE (`countries`.`id` = 9) [0m
  [4;36;1mFeaturedGallery Load (0.1ms)[0m   [0;1mSELECT * FROM `featured_galleries` WHERE (`featured_galleries`.property_id = 17) LIMIT 1[0m
  [4;35;1mFeaturedUpload Load (0.1ms)[0m   [0mSELECT * FROM `featured_uploads` WHERE (`featured_uploads`.featured_gallery_id = 7) [0m
  [4;36;1mFeaturedGallery Load (1.4ms)[0m   [0;1mSELECT * FROM `featured_galleries` WHERE (`featured_galleries`.property_id = 39) LIMIT 1[0m
  [4;35;1mFeaturedUpload Load (0.1ms)[0m   [0mSELECT * FROM `featured_uploads` WHERE (`featured_uploads`.featured_gallery_id = 12) [0m
Completed in 233ms (View: 92, DB: 37) | 200 OK [http://localhost/featured.xml]
  [4;36;1mSQL (0.1ms)[0m   [0;1mSET NAMES 'utf8'[0m
  [4;35;1mSQL (0.1ms)[0m   [0mSET SQL_AUTO_IS_NULL=0[0m


Processing ContactController#zillow_demographics (for 127.0.0.1 at 2010-04-03 15:40:09) [GET]
  [4;36;1mPage Load (0.1ms)[0m   [0;1mSELECT * FROM `pages` WHERE (parent_id IS NULL) ORDER BY position[0m
  [4;35;1mLocation Columns (0.8ms)[0m   [0mSHOW FIELDS FROM `locations`[0m
  [4;36;1mLocation Load (0.1ms)[0m   [0;1mSELECT * FROM `locations` [0m
  [4;35;1mCountry Columns (1.1ms)[0m   [0mSHOW FIELDS FROM `countries`[0m
  [4;36;1mCountry Load (0.1ms)[0m   [0;1mSELECT * FROM `countries` WHERE (`countries`.`id` IN (11,12,13,9)) [0m
  [4;35;1mProperty Columns (1.2ms)[0m   [0mSHOW FIELDS FROM `properties`[0m
  [4;36;1mSQL (0.1ms)[0m   [0;1mSELECT count(*) AS count_all FROM `properties` WHERE (`properties`.location_id = 11) [0m
  [4;35;1mSQL (0.1ms)[0m   [0mSELECT count(*) AS count_all FROM `properties` WHERE (`properties`.location_id = 13) [0m
  [4;36;1mSQL (0.1ms)[0m   [0;1mSELECT count(*) AS count_all FROM `properties` WHERE (`properties`.location_id = 14) [0m
  [4;35;1mSQL (0.1ms)[0m   [0mSELECT count(*) AS count_all FROM `properties` WHERE (`properties`.location_id = 15) [0m
  [4;36;1mSQL (0.1ms)[0m   [0;1mSELECT count(*) AS count_all FROM `properties` WHERE (`properties`.location_id = 16) [0m
  [4;35;1mSQL (0.1ms)[0m   [0mSELECT count(*) AS count_all FROM `properties` WHERE (`properties`.location_id = 17) [0m
  [4;36;1mSQL (0.1ms)[0m   [0;1mSELECT count(*) AS count_all FROM `properties` WHERE (`properties`.location_id = 18) [0m
  [4;35;1mSQL (0.1ms)[0m   [0mSELECT count(*) AS count_all FROM `properties` WHERE (`properties`.location_id = 19) [0m
  [4;36;1mSQL (0.1ms)[0m   [0;1mSELECT count(*) AS count_all FROM `properties` WHERE (`properties`.location_id = 20) [0m
  [4;35;1mCountry Load (0.1ms)[0m   [0mSELECT * FROM `countries` [0m
  [4;36;1mSQL (0.1ms)[0m   [0;1mSELECT count(*) AS count_all FROM `locations` WHERE (`locations`.country_id = 9) [0m
  [4;35;1mSQL (0.1ms)[0m   [0mSELECT count(*) AS count_all FROM `locations` WHERE (`locations`.country_id = 10) [0m
  [4;36;1mSQL (0.0ms)[0m   [0;1mSELECT count(*) AS count_all FROM `locations` WHERE (`locations`.country_id = 12) [0m
  [4;35;1mSQL (0.1ms)[0m   [0mSELECT count(*) AS count_all FROM `locations` WHERE (`locations`.country_id = 13) [0m
  [4;36;1mProperty Load (0.1ms)[0m   [0;1mSELECT * FROM `properties` ORDER BY bedrooms[0m
  [4;35;1mPost Load (0.2ms)[0m   [0mSELECT * FROM `posts` WHERE (parent_id > 0) ORDER BY date DESC[0m
  [4;36;1mPost Columns (0.9ms)[0m   [0;1mSHOW FIELDS FROM `posts`[0m
  [4;35;1mPost Load (0.1ms)[0m   [0mSELECT * FROM `posts` WHERE (`posts`.`id` = 22) [0m
  [4;36;1mCACHE (0.0ms)[0m   [0;1mSELECT * FROM `posts` WHERE (`posts`.`id` = 22) [0m
  [4;35;1mCACHE (0.0ms)[0m   [0mSELECT * FROM `posts` WHERE (`posts`.`id` = 22) [0m
  [4;36;1mCACHE (0.0ms)[0m   [0;1mSELECT * FROM `posts` WHERE (`posts`.`id` = 22) [0m
  [4;35;1mPost Load (0.2ms)[0m   [0mSELECT * FROM `posts` WHERE (`posts`.`id` = 4) [0m
  [4;36;1mCACHE (0.0ms)[0m   [0;1mSELECT * FROM `posts` WHERE (`posts`.`id` = 22) [0m
  [4;35;1mCACHE (0.0ms)[0m   [0mSELECT * FROM `posts` WHERE (`posts`.`id` = 4) [0m
  [4;36;1mCACHE (0.0ms)[0m   [0;1mSELECT * FROM `posts` WHERE (`posts`.`id` = 22) [0m
  [4;35;1mCACHE (0.0ms)[0m   [0mSELECT * FROM `posts` WHERE (`posts`.`id` = 22) [0m
  [4;36;1mCACHE (0.0ms)[0m   [0;1mSELECT * FROM `posts` WHERE (`posts`.`id` = 22) [0m
  [4;35;1mCACHE (0.0ms)[0m   [0mSELECT * FROM `posts` WHERE (`posts`.`id` = 4) [0m
  [4;36;1mPost Load (0.1ms)[0m   [0;1mSELECT * FROM `posts` WHERE (`posts`.`id` = 23) [0m
  [4;35;1mCACHE (0.0ms)[0m   [0mSELECT * FROM `posts` WHERE (`posts`.`id` = 23) [0m
  [4;36;1mCACHE (0.0ms)[0m   [0;1mSELECT * FROM `posts` WHERE (`posts`.`id` = 4) [0m

ActionController::UnknownAction (No action responded to zillow_demographics. Actions: access_denied, apply, apply_s2, apply_vip, check_roles, create, get_pages_for_tabs, gossip, index, job, lepricaun, mortgage, neighbourhood, pickup_dropdowns_country, pickup_properties, pickupproperties, plugoo, render_optional_error_file, role_requirements, role_requirements=, set_user_locale, setmeta, social, step2, user_create, vip, and willow_demographics):
  haml (2.2.15) lib/sass/plugin/rails.rb:19:in `process_without_compass'
  vendor/gems/chriseppstein-compass-0.8.17/lib/compass/app_integration/rails/action_controller.rb:7:in `process'

Rendering rescues/layout (not_found)
  [4;35;1mSQL (0.1ms)[0m   [0mSET NAMES 'utf8'[0m
  [4;36;1mSQL (0.1ms)[0m   [0;1mSET SQL_AUTO_IS_NULL=0[0m


Processing ContactController#zillow_demographics (for 127.0.0.1 at 2010-04-03 15:43:46) [GET]
  [4;35;1mPage Load (0.1ms)[0m   [0mSELECT * FROM `pages` WHERE (parent_id IS NULL) ORDER BY position[0m
  [4;36;1mLocation Columns (0.7ms)[0m   [0;1mSHOW FIELDS FROM `locations`[0m
  [4;35;1mLocation Load (0.1ms)[0m   [0mSELECT * FROM `locations` [0m
  [4;36;1mCountry Columns (0.8ms)[0m   [0;1mSHOW FIELDS FROM `countries`[0m
  [4;35;1mCountry Load (0.1ms)[0m   [0mSELECT * FROM `countries` WHERE (`countries`.`id` IN (11,12,13,9)) [0m
  [4;36;1mProperty Columns (1.2ms)[0m   [0;1mSHOW FIELDS FROM `properties`[0m
  [4;35;1mSQL (0.1ms)[0m   [0mSELECT count(*) AS count_all FROM `properties` WHERE (`properties`.location_id = 11) [0m
  [4;36;1mSQL (0.1ms)[0m   [0;1mSELECT count(*) AS count_all FROM `properties` WHERE (`properties`.location_id = 13) [0m
  [4;35;1mSQL (0.1ms)[0m   [0mSELECT count(*) AS count_all FROM `properties` WHERE (`properties`.location_id = 14) [0m
  [4;36;1mSQL (0.1ms)[0m   [0;1mSELECT count(*) AS count_all FROM `properties` WHERE (`properties`.location_id = 15) [0m
  [4;35;1mSQL (0.1ms)[0m   [0mSELECT count(*) AS count_all FROM `properties` WHERE (`properties`.location_id = 16) [0m
  [4;36;1mSQL (0.1ms)[0m   [0;1mSELECT count(*) AS count_all FROM `properties` WHERE (`properties`.location_id = 17) [0m
  [4;35;1mSQL (0.1ms)[0m   [0mSELECT count(*) AS count_all FROM `properties` WHERE (`properties`.location_id = 18) [0m
  [4;36;1mSQL (0.1ms)[0m   [0;1mSELECT count(*) AS count_all FROM `properties` WHERE (`properties`.location_id = 19) [0m
  [4;35;1mSQL (0.1ms)[0m   [0mSELECT count(*) AS count_all FROM `properties` WHERE (`properties`.location_id = 20) [0m
  [4;36;1mCountry Load (0.1ms)[0m   [0;1mSELECT * FROM `countries` [0m
  [4;35;1mSQL (0.1ms)[0m   [0mSELECT count(*) AS count_all FROM `locations` WHERE (`locations`.country_id = 9) [0m
  [4;36;1mSQL (0.1ms)[0m   [0;1mSELECT count(*) AS count_all FROM `locations` WHERE (`locations`.country_id = 10) [0m
  [4;35;1mSQL (0.1ms)[0m   [0mSELECT count(*) AS count_all FROM `locations` WHERE (`locations`.country_id = 12) [0m
  [4;36;1mSQL (0.1ms)[0m   [0;1mSELECT count(*) AS count_all FROM `locations` WHERE (`locations`.country_id = 13) [0m
  [4;35;1mProperty Load (0.1ms)[0m   [0mSELECT * FROM `properties` ORDER BY bedrooms[0m
  [4;36;1mPost Load (0.2ms)[0m   [0;1mSELECT * FROM `posts` WHERE (parent_id > 0) ORDER BY date DESC[0m
  [4;35;1mPost Columns (0.9ms)[0m   [0mSHOW FIELDS FROM `posts`[0m
  [4;36;1mPost Load (0.1ms)[0m   [0;1mSELECT * FROM `posts` WHERE (`posts`.`id` = 22) [0m
  [4;35;1mCACHE (0.0ms)[0m   [0mSELECT * FROM `posts` WHERE (`posts`.`id` = 22) [0m
  [4;36;1mCACHE (0.0ms)[0m   [0;1mSELECT * FROM `posts` WHERE (`posts`.`id` = 22) [0m
  [4;35;1mCACHE (0.0ms)[0m   [0mSELECT * FROM `posts` WHERE (`posts`.`id` = 22) [0m
  [4;36;1mPost Load (0.1ms)[0m   [0;1mSELECT * FROM `posts` WHERE (`posts`.`id` = 4) [0m
  [4;35;1mCACHE (0.0ms)[0m   [0mSELECT * FROM `posts` WHERE (`posts`.`id` = 22) [0m
  [4;36;1mCACHE (0.0ms)[0m   [0;1mSELECT * FROM `posts` WHERE (`posts`.`id` = 4) [0m
  [4;35;1mCACHE (0.0ms)[0m   [0mSELECT * FROM `posts` WHERE (`posts`.`id` = 22) [0m
  [4;36;1mCACHE (0.0ms)[0m   [0;1mSELECT * FROM `posts` WHERE (`posts`.`id` = 22) [0m
  [4;35;1mCACHE (0.0ms)[0m   [0mSELECT * FROM `posts` WHERE (`posts`.`id` = 22) [0m
  [4;36;1mCACHE (0.0ms)[0m   [0;1mSELECT * FROM `posts` WHERE (`posts`.`id` = 4) [0m
  [4;35;1mPost Load (0.1ms)[0m   [0mSELECT * FROM `posts` WHERE (`posts`.`id` = 23) [0m
  [4;36;1mCACHE (0.0ms)[0m   [0;1mSELECT * FROM `posts` WHERE (`posts`.`id` = 23) [0m
  [4;35;1mCACHE (0.0ms)[0m   [0mSELECT * FROM `posts` WHERE (`posts`.`id` = 4) [0m

ActionView::MissingTemplate (Missing template contact/zillow_demographics.erb in view path app/views):
  app/controllers/contact_controller.rb:102:in `zillow_demographics'
  haml (2.2.15) lib/sass/plugin/rails.rb:19:in `process_without_compass'
  vendor/gems/chriseppstein-compass-0.8.17/lib/compass/app_integration/rails/action_controller.rb:7:in `process'

Rendering rescues/layout (internal_server_error)
  [4;36;1mSQL (0.1ms)[0m   [0;1mSET NAMES 'utf8'[0m
  [4;35;1mSQL (0.1ms)[0m   [0mSET SQL_AUTO_IS_NULL=0[0m


Processing ContactController#zillow_demographics (for 127.0.0.1 at 2010-04-03 15:46:34) [GET]
  [4;36;1mPage Load (0.1ms)[0m   [0;1mSELECT * FROM `pages` WHERE (parent_id IS NULL) ORDER BY position[0m
  [4;35;1mLocation Columns (0.7ms)[0m   [0mSHOW FIELDS FROM `locations`[0m
  [4;36;1mLocation Load (0.1ms)[0m   [0;1mSELECT * FROM `locations` [0m
  [4;35;1mCountry Columns (0.8ms)[0m   [0mSHOW FIELDS FROM `countries`[0m
  [4;36;1mCountry Load (0.1ms)[0m   [0;1mSELECT * FROM `countries` WHERE (`countries`.`id` IN (11,12,13,9)) [0m
  [4;35;1mProperty Columns (1.2ms)[0m   [0mSHOW FIELDS FROM `properties`[0m
  [4;36;1mSQL (0.1ms)[0m   [0;1mSELECT count(*) AS count_all FROM `properties` WHERE (`properties`.location_id = 11) [0m
  [4;35;1mSQL (0.0ms)[0m   [0mSELECT count(*) AS count_all FROM `properties` WHERE (`properties`.location_id = 13) [0m
  [4;36;1mSQL (0.1ms)[0m   [0;1mSELECT count(*) AS count_all FROM `properties` WHERE (`properties`.location_id = 14) [0m
  [4;35;1mSQL (0.1ms)[0m   [0mSELECT count(*) AS count_all FROM `properties` WHERE (`properties`.location_id = 15) [0m
  [4;36;1mSQL (0.0ms)[0m   [0;1mSELECT count(*) AS count_all FROM `properties` WHERE (`properties`.location_id = 16) [0m
  [4;35;1mSQL (0.0ms)[0m   [0mSELECT count(*) AS count_all FROM `properties` WHERE (`properties`.location_id = 17) [0m
  [4;36;1mSQL (0.0ms)[0m   [0;1mSELECT count(*) AS count_all FROM `properties` WHERE (`properties`.location_id = 18) [0m
  [4;35;1mSQL (0.0ms)[0m   [0mSELECT count(*) AS count_all FROM `properties` WHERE (`properties`.location_id = 19) [0m
  [4;36;1mSQL (0.1ms)[0m   [0;1mSELECT count(*) AS count_all FROM `properties` WHERE (`properties`.location_id = 20) [0m
  [4;35;1mCountry Load (0.1ms)[0m   [0mSELECT * FROM `countries` [0m
  [4;36;1mSQL (0.1ms)[0m   [0;1mSELECT count(*) AS count_all FROM `locations` WHERE (`locations`.country_id = 9) [0m
  [4;35;1mSQL (0.1ms)[0m   [0mSELECT count(*) AS count_all FROM `locations` WHERE (`locations`.country_id = 10) [0m
  [4;36;1mSQL (0.0ms)[0m   [0;1mSELECT count(*) AS count_all FROM `locations` WHERE (`locations`.country_id = 12) [0m
  [4;35;1mSQL (0.0ms)[0m   [0mSELECT count(*) AS count_all FROM `locations` WHERE (`locations`.country_id = 13) [0m
  [4;36;1mProperty Load (0.1ms)[0m   [0;1mSELECT * FROM `properties` ORDER BY bedrooms[0m
  [4;35;1mPost Load (0.2ms)[0m   [0mSELECT * FROM `posts` WHERE (parent_id > 0) ORDER BY date DESC[0m
  [4;36;1mPost Columns (0.9ms)[0m   [0;1mSHOW FIELDS FROM `posts`[0m
  [4;35;1mPost Load (0.1ms)[0m   [0mSELECT * FROM `posts` WHERE (`posts`.`id` = 22) [0m
  [4;36;1mCACHE (0.0ms)[0m   [0;1mSELECT * FROM `posts` WHERE (`posts`.`id` = 22) [0m
  [4;35;1mCACHE (0.0ms)[0m   [0mSELECT * FROM `posts` WHERE (`posts`.`id` = 22) [0m
  [4;36;1mCACHE (0.0ms)[0m   [0;1mSELECT * FROM `posts` WHERE (`posts`.`id` = 22) [0m
  [4;35;1mPost Load (0.1ms)[0m   [0mSELECT * FROM `posts` WHERE (`posts`.`id` = 4) [0m
  [4;36;1mCACHE (0.0ms)[0m   [0;1mSELECT * FROM `posts` WHERE (`posts`.`id` = 22) [0m
  [4;35;1mCACHE (0.0ms)[0m   [0mSELECT * FROM `posts` WHERE (`posts`.`id` = 4) [0m
  [4;36;1mCACHE (0.0ms)[0m   [0;1mSELECT * FROM `posts` WHERE (`posts`.`id` = 22) [0m
  [4;35;1mCACHE (0.0ms)[0m   [0mSELECT * FROM `posts` WHERE (`posts`.`id` = 22) [0m
  [4;36;1mCACHE (0.0ms)[0m   [0;1mSELECT * FROM `posts` WHERE (`posts`.`id` = 22) [0m
  [4;35;1mCACHE (0.0ms)[0m   [0mSELECT * FROM `posts` WHERE (`posts`.`id` = 4) [0m
  [4;36;1mPost Load (0.1ms)[0m   [0;1mSELECT * FROM `posts` WHERE (`posts`.`id` = 23) [0m
  [4;35;1mCACHE (0.0ms)[0m   [0mSELECT * FROM `posts` WHERE (`posts`.`id` = 23) [0m
  [4;36;1mCACHE (0.0ms)[0m   [0;1mSELECT * FROM `posts` WHERE (`posts`.`id` = 4) [0m

ActionView::MissingTemplate (Missing template contact/zillow_demographics.erb in view path app/views):
  app/controllers/contact_controller.rb:102:in `zillow_demographics'
  haml (2.2.15) lib/sass/plugin/rails.rb:19:in `process_without_compass'
  vendor/gems/chriseppstein-compass-0.8.17/lib/compass/app_integration/rails/action_controller.rb:7:in `process'

Rendering rescues/layout (internal_server_error)
  [4;35;1mSQL (0.1ms)[0m   [0mSET NAMES 'utf8'[0m
  [4;36;1mSQL (0.1ms)[0m   [0;1mSET SQL_AUTO_IS_NULL=0[0m


Processing ContactController#zillow_demographics (for 127.0.0.1 at 2010-04-03 15:46:57) [GET]
  [4;35;1mPage Load (0.1ms)[0m   [0mSELECT * FROM `pages` WHERE (parent_id IS NULL) ORDER BY position[0m
  [4;36;1mLocation Columns (0.7ms)[0m   [0;1mSHOW FIELDS FROM `locations`[0m
  [4;35;1mLocation Load (0.1ms)[0m   [0mSELECT * FROM `locations` [0m
  [4;36;1mCountry Columns (0.9ms)[0m   [0;1mSHOW FIELDS FROM `countries`[0m
  [4;35;1mCountry Load (0.1ms)[0m   [0mSELECT * FROM `countries` WHERE (`countries`.`id` IN (11,12,13,9)) [0m
  [4;36;1mProperty Columns (1.2ms)[0m   [0;1mSHOW FIELDS FROM `properties`[0m
  [4;35;1mSQL (0.1ms)[0m   [0mSELECT count(*) AS count_all FROM `properties` WHERE (`properties`.location_id = 11) [0m
  [4;36;1mSQL (0.1ms)[0m   [0;1mSELECT count(*) AS count_all FROM `properties` WHERE (`properties`.location_id = 13) [0m
  [4;35;1mSQL (0.0ms)[0m   [0mSELECT count(*) AS count_all FROM `properties` WHERE (`properties`.location_id = 14) [0m
  [4;36;1mSQL (0.1ms)[0m   [0;1mSELECT count(*) AS count_all FROM `properties` WHERE (`properties`.location_id = 15) [0m
  [4;35;1mSQL (0.1ms)[0m   [0mSELECT count(*) AS count_all FROM `properties` WHERE (`properties`.location_id = 16) [0m
  [4;36;1mSQL (0.0ms)[0m   [0;1mSELECT count(*) AS count_all FROM `properties` WHERE (`properties`.location_id = 17) [0m
  [4;35;1mSQL (0.0ms)[0m   [0mSELECT count(*) AS count_all FROM `properties` WHERE (`properties`.location_id = 18) [0m
  [4;36;1mSQL (0.1ms)[0m   [0;1mSELECT count(*) AS count_all FROM `properties` WHERE (`properties`.location_id = 19) [0m
  [4;35;1mSQL (0.1ms)[0m   [0mSELECT count(*) AS count_all FROM `properties` WHERE (`properties`.location_id = 20) [0m
  [4;36;1mCountry Load (0.1ms)[0m   [0;1mSELECT * FROM `countries` [0m
  [4;35;1mSQL (0.1ms)[0m   [0mSELECT count(*) AS count_all FROM `locations` WHERE (`locations`.country_id = 9) [0m
  [4;36;1mSQL (0.1ms)[0m   [0;1mSELECT count(*) AS count_all FROM `locations` WHERE (`locations`.country_id = 10) [0m
  [4;35;1mSQL (0.0ms)[0m   [0mSELECT count(*) AS count_all FROM `locations` WHERE (`locations`.country_id = 12) [0m
  [4;36;1mSQL (0.0ms)[0m   [0;1mSELECT count(*) AS count_all FROM `locations` WHERE (`locations`.country_id = 13) [0m
  [4;35;1mProperty Load (0.1ms)[0m   [0mSELECT * FROM `properties` ORDER BY bedrooms[0m
  [4;36;1mPost Load (0.2ms)[0m   [0;1mSELECT * FROM `posts` WHERE (parent_id > 0) ORDER BY date DESC[0m
  [4;35;1mPost Columns (0.9ms)[0m   [0mSHOW FIELDS FROM `posts`[0m
  [4;36;1mPost Load (0.1ms)[0m   [0;1mSELECT * FROM `posts` WHERE (`posts`.`id` = 22) [0m
  [4;35;1mCACHE (0.0ms)[0m   [0mSELECT * FROM `posts` WHERE (`posts`.`id` = 22) [0m
  [4;36;1mCACHE (0.0ms)[0m   [0;1mSELECT * FROM `posts` WHERE (`posts`.`id` = 22) [0m
  [4;35;1mCACHE (0.0ms)[0m   [0mSELECT * FROM `posts` WHERE (`posts`.`id` = 22) [0m
  [4;36;1mPost Load (0.1ms)[0m   [0;1mSELECT * FROM `posts` WHERE (`posts`.`id` = 4) [0m
  [4;35;1mCACHE (0.0ms)[0m   [0mSELECT * FROM `posts` WHERE (`posts`.`id` = 22) [0m
  [4;36;1mCACHE (0.0ms)[0m   [0;1mSELECT * FROM `posts` WHERE (`posts`.`id` = 4) [0m
  [4;35;1mCACHE (0.0ms)[0m   [0mSELECT * FROM `posts` WHERE (`posts`.`id` = 22) [0m
  [4;36;1mCACHE (0.0ms)[0m   [0;1mSELECT * FROM `posts` WHERE (`posts`.`id` = 22) [0m
  [4;35;1mCACHE (0.0ms)[0m   [0mSELECT * FROM `posts` WHERE (`posts`.`id` = 22) [0m
  [4;36;1mCACHE (0.0ms)[0m   [0;1mSELECT * FROM `posts` WHERE (`posts`.`id` = 4) [0m
  [4;35;1mPost Load (0.1ms)[0m   [0mSELECT * FROM `posts` WHERE (`posts`.`id` = 23) [0m
  [4;36;1mCACHE (0.0ms)[0m   [0;1mSELECT * FROM `posts` WHERE (`posts`.`id` = 23) [0m
  [4;35;1mCACHE (0.0ms)[0m   [0mSELECT * FROM `posts` WHERE (`posts`.`id` = 4) [0m
Rendering contact/zillow_demographics
Completed in 1058ms (View: 9, DB: 6) | 200 OK [http://localhost/demographics]
  [4;36;1mSQL (0.1ms)[0m   [0;1mSET NAMES 'utf8'[0m
  [4;35;1mSQL (0.1ms)[0m   [0mSET SQL_AUTO_IS_NULL=0[0m


Processing ContactController#zillow_demographics (for 127.0.0.1 at 2010-04-03 15:49:22) [GET]
  [4;36;1mPage Load (0.1ms)[0m   [0;1mSELECT * FROM `pages` WHERE (parent_id IS NULL) ORDER BY position[0m
  [4;35;1mLocation Columns (0.7ms)[0m   [0mSHOW FIELDS FROM `locations`[0m
  [4;36;1mLocation Load (0.1ms)[0m   [0;1mSELECT * FROM `locations` [0m
  [4;35;1mCountry Columns (0.9ms)[0m   [0mSHOW FIELDS FROM `countries`[0m
  [4;36;1mCountry Load (0.1ms)[0m   [0;1mSELECT * FROM `countries` WHERE (`countries`.`id` IN (11,12,13,9)) [0m
  [4;35;1mProperty Columns (1.3ms)[0m   [0mSHOW FIELDS FROM `properties`[0m
  [4;36;1mSQL (0.1ms)[0m   [0;1mSELECT count(*) AS count_all FROM `properties` WHERE (`properties`.location_id = 11) [0m
  [4;35;1mSQL (0.1ms)[0m   [0mSELECT count(*) AS count_all FROM `properties` WHERE (`properties`.location_id = 13) [0m
  [4;36;1mSQL (0.1ms)[0m   [0;1mSELECT count(*) AS count_all FROM `properties` WHERE (`properties`.location_id = 14) [0m
  [4;35;1mSQL (0.0ms)[0m   [0mSELECT count(*) AS count_all FROM `properties` WHERE (`properties`.location_id = 15) [0m
  [4;36;1mSQL (0.1ms)[0m   [0;1mSELECT count(*) AS count_all FROM `properties` WHERE (`properties`.location_id = 16) [0m
  [4;35;1mSQL (0.1ms)[0m   [0mSELECT count(*) AS count_all FROM `properties` WHERE (`properties`.location_id = 17) [0m
  [4;36;1mSQL (0.0ms)[0m   [0;1mSELECT count(*) AS count_all FROM `properties` WHERE (`properties`.location_id = 18) [0m
  [4;35;1mSQL (0.0ms)[0m   [0mSELECT count(*) AS count_all FROM `properties` WHERE (`properties`.location_id = 19) [0m
  [4;36;1mSQL (0.0ms)[0m   [0;1mSELECT count(*) AS count_all FROM `properties` WHERE (`properties`.location_id = 20) [0m
  [4;35;1mCountry Load (0.1ms)[0m   [0mSELECT * FROM `countries` [0m
  [4;36;1mSQL (0.1ms)[0m   [0;1mSELECT count(*) AS count_all FROM `locations` WHERE (`locations`.country_id = 9) [0m
  [4;35;1mSQL (0.1ms)[0m   [0mSELECT count(*) AS count_all FROM `locations` WHERE (`locations`.country_id = 10) [0m
  [4;36;1mSQL (0.1ms)[0m   [0;1mSELECT count(*) AS count_all FROM `locations` WHERE (`locations`.country_id = 12) [0m
  [4;35;1mSQL (0.0ms)[0m   [0mSELECT count(*) AS count_all FROM `locations` WHERE (`locations`.country_id = 13) [0m
  [4;36;1mProperty Load (0.1ms)[0m   [0;1mSELECT * FROM `properties` ORDER BY bedrooms[0m
  [4;35;1mPost Load (0.2ms)[0m   [0mSELECT * FROM `posts` WHERE (parent_id > 0) ORDER BY date DESC[0m
  [4;36;1mPost Columns (5.4ms)[0m   [0;1mSHOW FIELDS FROM `posts`[0m
  [4;35;1mPost Load (0.1ms)[0m   [0mSELECT * FROM `posts` WHERE (`posts`.`id` = 22) [0m
  [4;36;1mCACHE (0.0ms)[0m   [0;1mSELECT * FROM `posts` WHERE (`posts`.`id` = 22) [0m
  [4;35;1mCACHE (0.0ms)[0m   [0mSELECT * FROM `posts` WHERE (`posts`.`id` = 22) [0m
  [4;36;1mCACHE (0.0ms)[0m   [0;1mSELECT * FROM `posts` WHERE (`posts`.`id` = 22) [0m
  [4;35;1mPost Load (0.1ms)[0m   [0mSELECT * FROM `posts` WHERE (`posts`.`id` = 4) [0m
  [4;36;1mCACHE (0.0ms)[0m   [0;1mSELECT * FROM `posts` WHERE (`posts`.`id` = 22) [0m
  [4;35;1mCACHE (0.0ms)[0m   [0mSELECT * FROM `posts` WHERE (`posts`.`id` = 4) [0m
  [4;36;1mCACHE (0.0ms)[0m   [0;1mSELECT * FROM `posts` WHERE (`posts`.`id` = 22) [0m
  [4;35;1mCACHE (0.0ms)[0m   [0mSELECT * FROM `posts` WHERE (`posts`.`id` = 22) [0m
  [4;36;1mCACHE (0.0ms)[0m   [0;1mSELECT * FROM `posts` WHERE (`posts`.`id` = 22) [0m
  [4;35;1mCACHE (0.0ms)[0m   [0mSELECT * FROM `posts` WHERE (`posts`.`id` = 4) [0m
  [4;36;1mPost Load (0.1ms)[0m   [0;1mSELECT * FROM `posts` WHERE (`posts`.`id` = 23) [0m
  [4;35;1mCACHE (0.0ms)[0m   [0mSELECT * FROM `posts` WHERE (`posts`.`id` = 23) [0m
  [4;36;1mCACHE (0.0ms)[0m   [0;1mSELECT * FROM `posts` WHERE (`posts`.`id` = 4) [0m
Rendering contact/zillow_demographics
Completed in 959ms (View: 2, DB: 10) | 200 OK [http://localhost/demographics]
New Relic Agent not running.
New Relic Agent not running.
