# Logfile created on Wed Dec 02 15:57:01 +0000 2009 by /
LocalIndex: ensure_index_exists at /Users/ryan/Dev/2.3.4/eandv_npb/index/development/property
rebuild index: [Property(id: integer, title: string, description: text, bedrooms: integer, bathrooms: integer, living_areas: integer, built: integer, plot: integer, garden: integer, price: integer, location_id: integer, type_id: integer, created_at: datetime, updated_at: datetime, address: text, rental: boolean, facility_ids: string, featured: boolean, mls_id: integer)]
reindexing model Property
reindex model Property : 100.00% complete : 0.06 secs to finish
LocalIndex: ensure_index_exists at /Users/ryan/Dev/2.3.4/eandv_npb/index/development/property
LocalIndex: ensure_index_exists at /Users/ryan/Dev/2.3.4/eandv_npb/index/development/property
query: title:townhouse
stored_fields: 
LocalIndex: ensure_index_exists at /Users/ryan/Dev/2.3.4/eandv_npb/index/development/property
LocalIndex: ensure_index_exists at /Users/ryan/Dev/2.3.4/eandv_npb/index/development/property
query: title:townhouse
stored_fields: 
LocalIndex: ensure_index_exists at /Users/ryan/Dev/2.3.4/eandv_npb/index/development/property
LocalIndex: ensure_index_exists at /Users/ryan/Dev/2.3.4/eandv_npb/index/development/property
query: title:villa
stored_fields: 
LocalIndex: ensure_index_exists at /Users/ryan/Dev/2.3.4/eandv_npb/index/development/property
LocalIndex: ensure_index_exists at /Users/ryan/Dev/2.3.4/eandv_npb/index/development/property
query: title:penthouse
stored_fields: 
LocalIndex: ensure_index_exists at /Users/ryan/Dev/2.3.4/eandv_npb/index/development/property
LocalIndex: ensure_index_exists at /Users/ryan/Dev/2.3.4/eandv_npb/index/development/property
query: title:testing
stored_fields: 
LocalIndex: ensure_index_exists at /Users/ryan/Dev/2.3.4/eandv_npb/index/development/property
LocalIndex: ensure_index_exists at /Users/ryan/Dev/2.3.4/eandv_npb/index/development/property
query: title:query
stored_fields: 
LocalIndex: ensure_index_exists at /Users/ryan/Dev/2.3.4/eandv_npb/index/development/property
LocalIndex: ensure_index_exists at /Users/ryan/Dev/2.3.4/eandv_npb/index/development/property
query: title:query
stored_fields: 
LocalIndex: ensure_index_exists at /Users/ryan/Dev/2.3.4/eandv_npb/index/development/property
LocalIndex: ensure_index_exists at /Users/ryan/Dev/2.3.4/eandv_npb/index/development/property
LocalIndex: ensure_index_exists at /Users/ryan/Dev/2.3.4/eandv_npb/index/development/property
query: title:queryy
stored_fields: 
LocalIndex: ensure_index_exists at /Users/ryan/Dev/2.3.4/eandv_npb/index/development/property
LocalIndex: ensure_index_exists at /Users/ryan/Dev/2.3.4/eandv_npb/index/development/property
query: title:queryy
stored_fields: 
LocalIndex: ensure_index_exists at /Users/ryan/Dev/2.3.4/eandv_npb/index/development/property
LocalIndex: ensure_index_exists at /Users/ryan/Dev/2.3.4/eandv_npb/index/development/property
query: title:queryy
stored_fields: 
LocalIndex: ensure_index_exists at /Users/ryan/Dev/2.3.4/eandv_npb/index/development/property
LocalIndex: ensure_index_exists at /Users/ryan/Dev/2.3.4/eandv_npb/index/development/property
LocalIndex: ensure_index_exists at /Users/ryan/Dev/2.3.4/eandv_npb/index/development/property
query: +title:swimming +title:pool
stored_fields: 
LocalIndex: ensure_index_exists at /Users/ryan/Dev/2.3.4/eandv_npb/index/development/property
LocalIndex: ensure_index_exists at /Users/ryan/Dev/2.3.4/eandv_npb/index/development/property
query: +title:swimming +title:pool
stored_fields: 
LocalIndex: ensure_index_exists at /Users/ryan/Dev/2.3.4/eandv_npb/index/development/property
LocalIndex: ensure_index_exists at /Users/ryan/Dev/2.3.4/eandv_npb/index/development/property
query: title:villa
stored_fields: 
LocalIndex: ensure_index_exists at /Users/ryan/Dev/2.3.4/eandv_npb/index/development/property
LocalIndex: ensure_index_exists at /Users/ryan/Dev/2.3.4/eandv_npb/index/development/property
query: title:villa
stored_fields: 
LocalIndex: ensure_index_exists at /Users/ryan/Dev/2.3.4/eandv_npb/index/development/property
LocalIndex: ensure_index_exists at /Users/ryan/Dev/2.3.4/eandv_npb/index/development/property
query: title:penthouse
stored_fields: 
LocalIndex: ensure_index_exists at /Users/ryan/Dev/2.3.4/eandv_npb/index/development/property
LocalIndex: ensure_index_exists at /Users/ryan/Dev/2.3.4/eandv_npb/index/development/property
query: title:penthouse
stored_fields: 
LocalIndex: ensure_index_exists at /Users/ryan/Dev/2.3.4/eandv_npb/index/development/property
LocalIndex: ensure_index_exists at /Users/ryan/Dev/2.3.4/eandv_npb/index/development/property
query: title:penthouse
stored_fields: 
LocalIndex: ensure_index_exists at /Users/ryan/Dev/2.3.4/eandv_npb/index/development/property
LocalIndex: ensure_index_exists at /Users/ryan/Dev/2.3.4/eandv_npb/index/development/property
query: title:villa
stored_fields: 
LocalIndex: ensure_index_exists at /Users/ryan/Dev/2.3.4/eandv_npb/index/development/property
LocalIndex: ensure_index_exists at /Users/ryan/Dev/2.3.4/eandv_npb/index/development/property
query: title:townhouse
stored_fields: 
LocalIndex: ensure_index_exists at /Users/ryan/Dev/2.3.4/eandv_npb/index/development/property
LocalIndex: ensure_index_exists at /Users/ryan/Dev/2.3.4/eandv_npb/index/development/property
query: title:townhouse
stored_fields: 
LocalIndex: ensure_index_exists at /Users/ryan/Dev/2.3.4/eandv_npb/index/development/property
LocalIndex: ensure_index_exists at /Users/ryan/Dev/2.3.4/eandv_npb/index/development/property
query: title:townhouse
stored_fields: 
LocalIndex: ensure_index_exists at /Users/ryan/Dev/2.3.4/eandv_npb/index/development/property
LocalIndex: ensure_index_exists at /Users/ryan/Dev/2.3.4/eandv_npb/index/development/property
query: title:townhouse
stored_fields: 
LocalIndex: ensure_index_exists at /Users/ryan/Dev/2.3.4/eandv_npb/index/development/property
LocalIndex: ensure_index_exists at /Users/ryan/Dev/2.3.4/eandv_npb/index/development/property
query: title:townhouse
stored_fields: 
LocalIndex: ensure_index_exists at /Users/ryan/Dev/2.3.4/eandv_npb/index/development/property
LocalIndex: ensure_index_exists at /Users/ryan/Dev/2.3.4/eandv_npb/index/development/property
query: title:villa
stored_fields: 
LocalIndex: ensure_index_exists at /Users/ryan/Dev/2.3.4/eandv_npb/index/development/property
LocalIndex: ensure_index_exists at /Users/ryan/Dev/2.3.4/eandv_npb/index/development/property
query: title:villa
stored_fields: 
LocalIndex: ensure_index_exists at /Users/ryan/Dev/2.3.4/eandv_npb/index/development/property
LocalIndex: ensure_index_exists at /Users/ryan/Dev/2.3.4/eandv_npb/index/development/property
query: title:penthouse
stored_fields: 
LocalIndex: ensure_index_exists at /Users/ryan/Dev/2.3.4/eandv_npb/index/development/property
LocalIndex: ensure_index_exists at /Users/ryan/Dev/2.3.4/eandv_npb/index/development/property
query: title:manila
stored_fields: 
LocalIndex: ensure_index_exists at /Users/ryan/Dev/2.3.4/eandv_npb/index/development/property
LocalIndex: ensure_index_exists at /Users/ryan/Dev/2.3.4/eandv_npb/index/development/property
query: title:manila
stored_fields: 
LocalIndex: ensure_index_exists at /Users/ryan/Dev/2.3.4/eandv_npb/index/development/property
LocalIndex: ensure_index_exists at /Users/ryan/Dev/2.3.4/eandv_npb/index/development/property
query: +title:newport +title:beach
stored_fields: 
LocalIndex: ensure_index_exists at /Users/ryan/Dev/2.3.4/eandv_npb/index/development/property
LocalIndex: ensure_index_exists at /Users/ryan/Dev/2.3.4/eandv_npb/index/development/property
query: +title:newport +title:beach
stored_fields: 
LocalIndex: ensure_index_exists at /Users/ryan/Dev/2.3.4/eandv_npb/index/development/property
LocalIndex: ensure_index_exists at /Users/ryan/Dev/2.3.4/eandv_npb/index/development/property
query: +title:newport +title:beach
stored_fields: 
LocalIndex: ensure_index_exists at /Users/ryan/Dev/2.3.4/eandv_npb/index/development/property
LocalIndex: ensure_index_exists at /Users/ryan/Dev/2.3.4/eandv_npb/index/development/property
query: +title:newport +title:beach
stored_fields: 
LocalIndex: ensure_index_exists at /Users/ryan/Dev/2.3.4/eandv_npb/index/development/property
LocalIndex: ensure_index_exists at /Users/ryan/Dev/2.3.4/eandv_npb/index/development/property
query: title:irvine
stored_fields: 
LocalIndex: ensure_index_exists at /Users/ryan/Dev/2.3.4/eandv_npb/index/development/property
LocalIndex: ensure_index_exists at /Users/ryan/Dev/2.3.4/eandv_npb/index/development/property
query: title:irvine
stored_fields: 
LocalIndex: ensure_index_exists at /Users/ryan/Dev/2.3.4/eandv_npb/index/development/property
LocalIndex: ensure_index_exists at /Users/ryan/Dev/2.3.4/eandv_npb/index/development/property
query: title:villa
stored_fields: 
LocalIndex: ensure_index_exists at /Users/ryan/Dev/2.3.4/eandv_npb/index/development/property
LocalIndex: ensure_index_exists at /Users/ryan/Dev/2.3.4/eandv_npb/index/development/property
LocalIndex: ensure_index_exists at /Users/ryan/Dev/2.3.4/eandv_npb/index/development/property
query: location_state:villa location_county:villa location_region:villa location_zipcod:villa title:villa
stored_fields: 
LocalIndex: ensure_index_exists at /Users/ryan/Dev/2.3.4/eandv_npb/index/development/property
LocalIndex: ensure_index_exists at /Users/ryan/Dev/2.3.4/eandv_npb/index/development/property
query: location_state:irvine location_county:irvine location_region:irvine location_zipcod:irvine title:irvine
stored_fields: 
LocalIndex: ensure_index_exists at /Users/ryan/Dev/2.3.4/eandv_npb/index/development/property
LocalIndex: ensure_index_exists at /Users/ryan/Dev/2.3.4/eandv_npb/index/development/property
query: location_state:Irvine location_county:Irvine location_region:Irvine location_zipcod:Irvine title:irvine
stored_fields: 
LocalIndex: ensure_index_exists at /Users/ryan/Dev/2.3.4/eandv_npb/index/development/property
LocalIndex: ensure_index_exists at /Users/ryan/Dev/2.3.4/eandv_npb/index/development/property
query: location_state:california location_county:california location_region:california location_zipcod:california title:california
stored_fields: 
LocalIndex: ensure_index_exists at /Users/ryan/Dev/2.3.4/eandv_npb/index/development/property
LocalIndex: ensure_index_exists at /Users/ryan/Dev/2.3.4/eandv_npb/index/development/property
LocalIndex: ensure_index_exists at /Users/ryan/Dev/2.3.4/eandv_npb/index/development/property
query: location_state:california title:california
stored_fields: 
LocalIndex: ensure_index_exists at /Users/ryan/Dev/2.3.4/eandv_npb/index/development/property
LocalIndex: ensure_index_exists at /Users/ryan/Dev/2.3.4/eandv_npb/index/development/property
LocalIndex: ensure_index_exists at /Users/ryan/Dev/2.3.4/eandv_npb/index/development/property
query: location_state:california title:california
stored_fields: 
LocalIndex: ensure_index_exists at /Users/ryan/Dev/2.3.4/eandv_npb/index/development/property
LocalIndex: ensure_index_exists at /Users/ryan/Dev/2.3.4/eandv_npb/index/development/property
query: location_state:California title:california
stored_fields: 
LocalIndex: ensure_index_exists at /Users/ryan/Dev/2.3.4/eandv_npb/index/development/property
LocalIndex: ensure_index_exists at /Users/ryan/Dev/2.3.4/eandv_npb/index/development/property
query: location_state:California title:california
stored_fields: 
LocalIndex: ensure_index_exists at /Users/ryan/Dev/2.3.4/eandv_npb/index/development/property
LocalIndex: ensure_index_exists at /Users/ryan/Dev/2.3.4/eandv_npb/index/development/property
LocalIndex: ensure_index_exists at /Users/ryan/Dev/2.3.4/eandv_npb/index/development/property
query: title:california
stored_fields: 
LocalIndex: ensure_index_exists at /Users/ryan/Dev/2.3.4/eandv_npb/index/development/property
LocalIndex: ensure_index_exists at /Users/ryan/Dev/2.3.4/eandv_npb/index/development/property
query: title:california
stored_fields: 
LocalIndex: ensure_index_exists at /Users/ryan/Dev/2.3.4/eandv_npb/index/development/property
LocalIndex: ensure_index_exists at /Users/ryan/Dev/2.3.4/eandv_npb/index/development/property
query: title:california
stored_fields: 
LocalIndex: ensure_index_exists at /Users/ryan/Dev/2.3.4/eandv_npb/index/development/property
LocalIndex: ensure_index_exists at /Users/ryan/Dev/2.3.4/eandv_npb/index/development/property
query: title:villa
stored_fields: 
LocalIndex: ensure_index_exists at /Users/ryan/Dev/2.3.4/eandv_npb/index/development/property
LocalIndex: ensure_index_exists at /Users/ryan/Dev/2.3.4/eandv_npb/index/development/property
query: title:apartment
stored_fields: 
LocalIndex: ensure_index_exists at /Users/ryan/Dev/2.3.4/eandv_npb/index/development/property
LocalIndex: ensure_index_exists at /Users/ryan/Dev/2.3.4/eandv_npb/index/development/property
query: title:villa
stored_fields: 
LocalIndex: ensure_index_exists at /Users/ryan/Dev/2.3.4/eandv_npb/index/development/property
LocalIndex: ensure_index_exists at /Users/ryan/Dev/2.3.4/eandv_npb/index/development/property
query: title:townhouse
stored_fields: 
LocalIndex: ensure_index_exists at /Users/ryan/Dev/2.3.4/eandv_npb/index/development/property
LocalIndex: ensure_index_exists at /Users/ryan/Dev/2.3.4/eandv_npb/index/development/property
query: title:apartment
stored_fields: 
LocalIndex: ensure_index_exists at /Users/ryan/Dev/2.3.4/eandv_npb/index/development/property
LocalIndex: ensure_index_exists at /Users/ryan/Dev/2.3.4/eandv_npb/index/development/property
query: title:apartment
stored_fields: 
LocalIndex: ensure_index_exists at /Users/ryan/Dev/2.3.4/eandv_npb/index/development/property
LocalIndex: ensure_index_exists at /Users/ryan/Dev/2.3.4/eandv_npb/index/development/property
query: title:villa
stored_fields: 
LocalIndex: ensure_index_exists at /Users/ryan/Dev/2.3.4/eandv_npb/index/development/property
LocalIndex: ensure_index_exists at /Users/ryan/Dev/2.3.4/eandv_npb/index/development/property
LocalIndex: ensure_index_exists at /Users/ryan/Dev/2.3.4/eandv_npb/index/development/property
query: bathrooms:villa featured:villa price:villa updated_at:villa location_state:villa description:villa mls_id:villa garden:villa type_title:villa created_at:villa rental:villa plot:villa address:villa built:villa location_id:villa facility_ids:villa type_id:villa living_areas:villa title:villa bedrooms:villa
stored_fields: 
LocalIndex: ensure_index_exists at /Users/ryan/Dev/2.3.4/eandv_npb/index/development/property
LocalIndex: ensure_index_exists at /Users/ryan/Dev/2.3.4/eandv_npb/index/development/property
query: bathrooms:apartment featured:apartment price:apartment updated_at:apartment location_state:apartment description:apartment mls_id:apartment garden:apartment type_title:apartment created_at:apartment rental:apartment plot:apartment address:apartment built:apartment location_id:apartment facility_ids:apartment type_id:apartment living_areas:apartment title:apartment bedrooms:apartment
stored_fields: 
LocalIndex: ensure_index_exists at /Users/ryan/Dev/2.3.4/eandv_npb/index/development/property
LocalIndex: ensure_index_exists at /Users/ryan/Dev/2.3.4/eandv_npb/index/development/property
query: bathrooms:Californnia featured:Californnia price:Californnia updated_at:Californnia location_state:Californnia description:Californnia mls_id:Californnia garden:Californnia type_title:Californnia created_at:Californnia rental:Californnia plot:Californnia address:Californnia built:Californnia location_id:Californnia facility_ids:Californnia type_id:Californnia living_areas:Californnia title:californnia bedrooms:Californnia
stored_fields: 
LocalIndex: ensure_index_exists at /Users/ryan/Dev/2.3.4/eandv_npb/index/development/property
LocalIndex: ensure_index_exists at /Users/ryan/Dev/2.3.4/eandv_npb/index/development/property
query: bathrooms:California featured:California price:California updated_at:California location_state:California description:California mls_id:California garden:California type_title:California created_at:California rental:California plot:California address:California built:California location_id:California facility_ids:California type_id:California living_areas:California title:california bedrooms:California
stored_fields: 
LocalIndex: ensure_index_exists at /Users/ryan/Dev/2.3.4/eandv_npb/index/development/property
LocalIndex: ensure_index_exists at /Users/ryan/Dev/2.3.4/eandv_npb/index/development/property
query: bathrooms:California featured:California price:California updated_at:California location_state:California description:California mls_id:California garden:California type_title:California created_at:California rental:California plot:California address:California built:California location_id:California facility_ids:California type_id:California living_areas:California title:california bedrooms:California
stored_fields: 
LocalIndex: ensure_index_exists at /Users/ryan/Dev/2.3.4/eandv_npb/index/development/property
LocalIndex: ensure_index_exists at /Users/ryan/Dev/2.3.4/eandv_npb/index/development/property
query: bathrooms:California featured:California price:California updated_at:California location_state:California description:California mls_id:California garden:California type_title:California created_at:California rental:California plot:California address:California built:California location_id:California facility_ids:California type_id:California living_areas:California title:california bedrooms:California
stored_fields: 
LocalIndex: ensure_index_exists at /Users/ryan/Dev/2.3.4/eandv_npb/index/development/property
LocalIndex: ensure_index_exists at /Users/ryan/Dev/2.3.4/eandv_npb/index/development/property
query: bathrooms:villa featured:villa price:villa updated_at:villa location_state:villa description:villa mls_id:villa garden:villa type_title:villa created_at:villa rental:villa plot:villa address:villa built:villa location_id:villa facility_ids:villa type_id:villa living_areas:villa title:villa bedrooms:villa
stored_fields: 
LocalIndex: ensure_index_exists at /Users/ryan/Dev/2.3.4/eandv_npb/index/development/property
LocalIndex: ensure_index_exists at /Users/ryan/Dev/2.3.4/eandv_npb/index/development/property
query: bathrooms:apartment featured:apartment price:apartment updated_at:apartment location_state:apartment description:apartment mls_id:apartment garden:apartment type_title:apartment created_at:apartment rental:apartment plot:apartment address:apartment built:apartment location_id:apartment facility_ids:apartment type_id:apartment living_areas:apartment title:apartment bedrooms:apartment
stored_fields: 
LocalIndex: ensure_index_exists at /Users/ryan/Dev/2.3.4/eandv_npb/index/development/property
LocalIndex: ensure_index_exists at /Users/ryan/Dev/2.3.4/eandv_npb/index/development/property
query: bathrooms:apartment featured:apartment price:apartment updated_at:apartment location_state:apartment description:apartment mls_id:apartment garden:apartment type_title:apartment created_at:apartment rental:apartment plot:apartment address:apartment built:apartment location_id:apartment facility_ids:apartment type_id:apartment living_areas:apartment title:apartment bedrooms:apartment
stored_fields: 
LocalIndex: ensure_index_exists at /Users/ryan/Dev/2.3.4/eandv_npb/index/development/property
LocalIndex: ensure_index_exists at /Users/ryan/Dev/2.3.4/eandv_npb/index/development/property
query: bathrooms:manila featured:manila price:manila updated_at:manila location_state:manila description:manila mls_id:manila garden:manila type_title:manila created_at:manila rental:manila plot:manila address:manila built:manila location_id:manila facility_ids:manila type_id:manila living_areas:manila title:manila bedrooms:manila
stored_fields: 
LocalIndex: ensure_index_exists at /Users/ryan/Dev/2.3.4/eandv_npb/index/development/property
LocalIndex: ensure_index_exists at /Users/ryan/Dev/2.3.4/eandv_npb/index/development/property
query: bathrooms:villa featured:villa price:villa updated_at:villa location_state:villa description:villa mls_id:villa garden:villa type_title:villa created_at:villa rental:villa plot:villa address:villa built:villa location_id:villa facility_ids:villa type_id:villa living_areas:villa title:villa bedrooms:villa
stored_fields: 
LocalIndex: ensure_index_exists at /Users/ryan/Dev/2.3.4/eandv_npb/index/development/property
LocalIndex: ensure_index_exists at /Users/ryan/Dev/2.3.4/eandv_npb/index/development/property
query: bathrooms:villa featured:villa price:villa updated_at:villa location_state:villa description:villa mls_id:villa garden:villa type_title:villa created_at:villa rental:villa plot:villa address:villa built:villa location_id:villa facility_ids:villa type_id:villa living_areas:villa title:villa bedrooms:villa
stored_fields: 
LocalIndex: ensure_index_exists at /Users/ryan/Dev/2.3.4/eandv_npb/index/development/property
LocalIndex: ensure_index_exists at /Users/ryan/Dev/2.3.4/eandv_npb/index/development/property
LocalIndex: ensure_index_exists at /Users/ryan/Dev/2.3.4/eandv_npb/index/development/property
query: location_state:villa type_title:villa
stored_fields: 
LocalIndex: ensure_index_exists at /Users/ryan/Dev/2.3.4/eandv_npb/index/development/property
LocalIndex: ensure_index_exists at /Users/ryan/Dev/2.3.4/eandv_npb/index/development/property
query: location_state:villa type_title:villa
stored_fields: 
LocalIndex: ensure_index_exists at /Users/ryan/Dev/2.3.4/eandv_npb/index/development/property
LocalIndex: ensure_index_exists at /Users/ryan/Dev/2.3.4/eandv_npb/index/development/property
query: location_state:Villa type_title:Villa
stored_fields: 
LocalIndex: ensure_index_exists at /Users/ryan/Dev/2.3.4/eandv_npb/index/development/property
LocalIndex: ensure_index_exists at /Users/ryan/Dev/2.3.4/eandv_npb/index/development/property
query: location_state:Villa type_title:Villa
stored_fields: 
LocalIndex: ensure_index_exists at /Users/ryan/Dev/2.3.4/eandv_npb/index/development/property
LocalIndex: ensure_index_exists at /Users/ryan/Dev/2.3.4/eandv_npb/index/development/property
LocalIndex: ensure_index_exists at /Users/ryan/Dev/2.3.4/eandv_npb/index/development/property
query: type_title:villa location_state:villa
stored_fields: 
LocalIndex: ensure_index_exists at /Users/ryan/Dev/2.3.4/eandv_npb/index/development/property
LocalIndex: ensure_index_exists at /Users/ryan/Dev/2.3.4/eandv_npb/index/development/property
query: type_title:villa location_state:villa
stored_fields: 
LocalIndex: ensure_index_exists at /Users/ryan/Dev/2.3.4/eandv_npb/index/development/property
LocalIndex: ensure_index_exists at /Users/ryan/Dev/2.3.4/eandv_npb/index/development/property
query: type_title:villa location_state:villa
stored_fields: 
LocalIndex: ensure_index_exists at /Users/ryan/Dev/2.3.4/eandv_npb/index/development/property
LocalIndex: ensure_index_exists at /Users/ryan/Dev/2.3.4/eandv_npb/index/development/property
query: location_state:California type_title:California
stored_fields: 
LocalIndex: ensure_index_exists at /Users/ryan/Dev/2.3.4/eandv_npb/index/development/property
LocalIndex: ensure_index_exists at /Users/ryan/Dev/2.3.4/eandv_npb/index/development/property
query: location_state:townhouse type_title:townhouse
stored_fields: 
LocalIndex: ensure_index_exists at /Users/ryan/Dev/2.3.4/eandv_npb/index/development/property
LocalIndex: ensure_index_exists at /Users/ryan/Dev/2.3.4/eandv_npb/index/development/property
query: location_state:townhouse type_title:townhouse
stored_fields: 
LocalIndex: ensure_index_exists at /Users/ryan/Dev/2.3.4/eandv_npb/index/development/property
LocalIndex: ensure_index_exists at /Users/ryan/Dev/2.3.4/eandv_npb/index/development/property
query: location_state:villa type_title:villa
stored_fields: 
LocalIndex: ensure_index_exists at /Users/ryan/Dev/2.3.4/eandv_npb/index/development/property
LocalIndex: ensure_index_exists at /Users/ryan/Dev/2.3.4/eandv_npb/index/development/property
query: location_state:apartment type_title:apartment
stored_fields: 
LocalIndex: ensure_index_exists at /Users/ryan/Dev/2.3.4/eandv_npb/index/development/property
LocalIndex: ensure_index_exists at /Users/ryan/Dev/2.3.4/eandv_npb/index/development/property
query: location_state:villa type_title:villa
stored_fields: 
LocalIndex: ensure_index_exists at /Users/ryan/Dev/2.3.4/eandv_npb/index/development/property
LocalIndex: ensure_index_exists at /Users/ryan/Dev/2.3.4/eandv_npb/index/development/property
LocalIndex: ensure_index_exists at /Users/ryan/Dev/2.3.4/eandv_npb/index/development/property
query: bathrooms:villa featured:villa price:villa updated_at:villa description:villa mls_id:villa garden:villa created_at:villa rental:villa plot:villa address:villa built:villa location_id:villa facility_ids:villa type_id:villa living_areas:villa title:villa bedrooms:villa
stored_fields: 
LocalIndex: ensure_index_exists at /Users/ryan/Dev/2.3.4/eandv_npb/index/development/property
LocalIndex: ensure_index_exists at /Users/ryan/Dev/2.3.4/eandv_npb/index/development/property
query: bathrooms:villa featured:villa price:villa updated_at:villa description:villa mls_id:villa garden:villa created_at:villa rental:villa plot:villa address:villa built:villa location_id:villa facility_ids:villa type_id:villa living_areas:villa title:villa bedrooms:villa
stored_fields: 
LocalIndex: ensure_index_exists at /Users/ryan/Dev/2.3.4/eandv_npb/index/development/property
LocalIndex: ensure_index_exists at /Users/ryan/Dev/2.3.4/eandv_npb/index/development/property
LocalIndex: ensure_index_exists at /Users/ryan/Dev/2.3.4/eandv_npb/index/development/property
query: type_title:villa
stored_fields: 
LocalIndex: ensure_index_exists at /Users/ryan/Dev/2.3.4/eandv_npb/index/development/property
LocalIndex: ensure_index_exists at /Users/ryan/Dev/2.3.4/eandv_npb/index/development/property
query: type_title:villa
stored_fields: 
LocalIndex: ensure_index_exists at /Users/ryan/Dev/2.3.4/eandv_npb/index/development/property
LocalIndex: ensure_index_exists at /Users/ryan/Dev/2.3.4/eandv_npb/index/development/property
LocalIndex: ensure_index_exists at /Users/ryan/Dev/2.3.4/eandv_npb/index/development/property
query: type_title:villa
stored_fields: 
LocalIndex: ensure_index_exists at /Users/ryan/Dev/2.3.4/eandv_npb/index/development/property
LocalIndex: ensure_index_exists at /Users/ryan/Dev/2.3.4/eandv_npb/index/development/property
query: type_title:Villa
stored_fields: 
LocalIndex: ensure_index_exists at /Users/ryan/Dev/2.3.4/eandv_npb/index/development/property
LocalIndex: ensure_index_exists at /Users/ryan/Dev/2.3.4/eandv_npb/index/development/property
query: type_title:title
stored_fields: 
LocalIndex: ensure_index_exists at /Users/ryan/Dev/2.3.4/eandv_npb/index/development/property
LocalIndex: ensure_index_exists at /Users/ryan/Dev/2.3.4/eandv_npb/index/development/property
query: type_title:townhouse
stored_fields: 
LocalIndex: ensure_index_exists at /Users/ryan/Dev/2.3.4/eandv_npb/index/development/property
LocalIndex: ensure_index_exists at /Users/ryan/Dev/2.3.4/eandv_npb/index/development/property
LocalIndex: ensure_index_exists at /Users/ryan/Dev/2.3.4/eandv_npb/index/development/property
query: type_title:villa
stored_fields: 
LocalIndex: ensure_index_exists at /Users/ryan/Dev/2.3.4/eandv_npb/index/development/property
LocalIndex: ensure_index_exists at /Users/ryan/Dev/2.3.4/eandv_npb/index/development/property
query: type_title:townhouse
stored_fields: 
LocalIndex: ensure_index_exists at /Users/ryan/Dev/2.3.4/eandv_npb/index/development/property
LocalIndex: ensure_index_exists at /Users/ryan/Dev/2.3.4/eandv_npb/index/development/property
query: type_title:villa
stored_fields: 
LocalIndex: ensure_index_exists at /Users/ryan/Dev/2.3.4/eandv_npb/index/development/property
LocalIndex: ensure_index_exists at /Users/ryan/Dev/2.3.4/eandv_npb/index/development/property
LocalIndex: ensure_index_exists at /Users/ryan/Dev/2.3.4/eandv_npb/index/development/property
query: title:villa
stored_fields: 
LocalIndex: ensure_index_exists at /Users/ryan/Dev/2.3.4/eandv_npb/index/development/property
LocalIndex: ensure_index_exists at /Users/ryan/Dev/2.3.4/eandv_npb/index/development/property
LocalIndex: ensure_index_exists at /Users/ryan/Dev/2.3.4/eandv_npb/index/development/property
query: title:california
stored_fields: 
LocalIndex: ensure_index_exists at /Users/ryan/Dev/2.3.4/eandv_npb/index/development/location
rebuild index: [Location(id: integer, state: string, county: string, region: string, other: string, zipcod: string, country_id: integer, created_at: datetime, updated_at: datetime)]
reindexing model Location
reindex model Location : 283.33% complete : 0.07 secs to finish
LocalIndex: ensure_index_exists at /Users/ryan/Dev/2.3.4/eandv_npb/index/development/location
LocalIndex: ensure_index_exists at /Users/ryan/Dev/2.3.4/eandv_npb/index/development/location
query: zipcod:california area:california region:california state:california
stored_fields: 
LocalIndex: ensure_index_exists at /Users/ryan/Dev/2.3.4/eandv_npb/index/development/property
LocalIndex: ensure_index_exists at /Users/ryan/Dev/2.3.4/eandv_npb/index/development/property
query: title:villa
stored_fields: 
LocalIndex: ensure_index_exists at /Users/ryan/Dev/2.3.4/eandv_npb/index/development/location
LocalIndex: ensure_index_exists at /Users/ryan/Dev/2.3.4/eandv_npb/index/development/location
query: zipcod:villa area:villa region:villa state:villa
stored_fields: 
LocalIndex: ensure_index_exists at /Users/ryan/Dev/2.3.4/eandv_npb/index/development/property
LocalIndex: ensure_index_exists at /Users/ryan/Dev/2.3.4/eandv_npb/index/development/property
query: title:california
stored_fields: 
LocalIndex: ensure_index_exists at /Users/ryan/Dev/2.3.4/eandv_npb/index/development/location
LocalIndex: ensure_index_exists at /Users/ryan/Dev/2.3.4/eandv_npb/index/development/location
query: zipcod:california area:california region:california state:california
stored_fields: 
LocalIndex: ensure_index_exists at /Users/ryan/Dev/2.3.4/eandv_npb/index/development/property
LocalIndex: ensure_index_exists at /Users/ryan/Dev/2.3.4/eandv_npb/index/development/property
query: title:california
stored_fields: 
LocalIndex: ensure_index_exists at /Users/ryan/Dev/2.3.4/eandv_npb/index/development/location
LocalIndex: ensure_index_exists at /Users/ryan/Dev/2.3.4/eandv_npb/index/development/location
query: zipcod:california area:california region:california state:california
stored_fields: 
LocalIndex: ensure_index_exists at /Users/ryan/Dev/2.3.4/eandv_npb/index/development/property
LocalIndex: ensure_index_exists at /Users/ryan/Dev/2.3.4/eandv_npb/index/development/property
query: +title:corona +title:del +title:mar
stored_fields: 
LocalIndex: ensure_index_exists at /Users/ryan/Dev/2.3.4/eandv_npb/index/development/location
LocalIndex: ensure_index_exists at /Users/ryan/Dev/2.3.4/eandv_npb/index/development/location
query: +(zipcod:corona area:corona region:corona state:corona) +(zipcod:del area:del region:del state:del) +(zipcod:mar area:mar region:mar state:mar)
stored_fields: 
LocalIndex: ensure_index_exists at /Users/ryan/Dev/2.3.4/eandv_npb/index/development/property
LocalIndex: ensure_index_exists at /Users/ryan/Dev/2.3.4/eandv_npb/index/development/property
query: title:apartment
stored_fields: 
LocalIndex: ensure_index_exists at /Users/ryan/Dev/2.3.4/eandv_npb/index/development/location
LocalIndex: ensure_index_exists at /Users/ryan/Dev/2.3.4/eandv_npb/index/development/location
query: zipcod:apartment area:apartment region:apartment state:apartment
stored_fields: 
LocalIndex: ensure_index_exists at /Users/ryan/Dev/2.3.4/eandv_npb/index/development/property
LocalIndex: ensure_index_exists at /Users/ryan/Dev/2.3.4/eandv_npb/index/development/property
LocalIndex: ensure_index_exists at /Users/ryan/Dev/2.3.4/eandv_npb/index/development/property
query: title:apartment
stored_fields: 
LocalIndex: ensure_index_exists at /Users/ryan/Dev/2.3.4/eandv_npb/index/development/location
LocalIndex: ensure_index_exists at /Users/ryan/Dev/2.3.4/eandv_npb/index/development/location
LocalIndex: ensure_index_exists at /Users/ryan/Dev/2.3.4/eandv_npb/index/development/location
query: zipcod:apartment area:apartment region:apartment state:apartment
stored_fields: 
LocalIndex: ensure_index_exists at /Users/ryan/Dev/2.3.4/eandv_npb/index/development/type
rebuild index: [Type(id: integer, title: string, created_at: datetime, updated_at: datetime)]
reindexing model Type
reindex model Type : 200.00% complete : 0.02 secs to finish
LocalIndex: ensure_index_exists at /Users/ryan/Dev/2.3.4/eandv_npb/index/development/type
LocalIndex: ensure_index_exists at /Users/ryan/Dev/2.3.4/eandv_npb/index/development/type
query: title:apartment
stored_fields: 
LocalIndex: ensure_index_exists at /Users/ryan/Dev/2.3.4/eandv_npb/index/development/property
LocalIndex: ensure_index_exists at /Users/ryan/Dev/2.3.4/eandv_npb/index/development/property
query: title:apartments
stored_fields: 
LocalIndex: ensure_index_exists at /Users/ryan/Dev/2.3.4/eandv_npb/index/development/location
LocalIndex: ensure_index_exists at /Users/ryan/Dev/2.3.4/eandv_npb/index/development/location
query: zipcod:apartments area:apartments region:apartments state:apartments
stored_fields: 
LocalIndex: ensure_index_exists at /Users/ryan/Dev/2.3.4/eandv_npb/index/development/type
LocalIndex: ensure_index_exists at /Users/ryan/Dev/2.3.4/eandv_npb/index/development/type
query: title:apartments
stored_fields: 
LocalIndex: ensure_index_exists at /Users/ryan/Dev/2.3.4/eandv_npb/index/development/property
LocalIndex: ensure_index_exists at /Users/ryan/Dev/2.3.4/eandv_npb/index/development/property
query: title:california
stored_fields: 
LocalIndex: ensure_index_exists at /Users/ryan/Dev/2.3.4/eandv_npb/index/development/location
LocalIndex: ensure_index_exists at /Users/ryan/Dev/2.3.4/eandv_npb/index/development/location
query: zipcod:california area:california region:california state:california
stored_fields: 
LocalIndex: ensure_index_exists at /Users/ryan/Dev/2.3.4/eandv_npb/index/development/type
LocalIndex: ensure_index_exists at /Users/ryan/Dev/2.3.4/eandv_npb/index/development/type
query: title:california
stored_fields: 
LocalIndex: ensure_index_exists at /Users/ryan/Dev/2.3.4/eandv_npb/index/development/property
LocalIndex: ensure_index_exists at /Users/ryan/Dev/2.3.4/eandv_npb/index/development/property
query: title:apartments
stored_fields: 
LocalIndex: ensure_index_exists at /Users/ryan/Dev/2.3.4/eandv_npb/index/development/location
LocalIndex: ensure_index_exists at /Users/ryan/Dev/2.3.4/eandv_npb/index/development/location
query: zipcod:apartments area:apartments region:apartments state:apartments
stored_fields: 
LocalIndex: ensure_index_exists at /Users/ryan/Dev/2.3.4/eandv_npb/index/development/type
LocalIndex: ensure_index_exists at /Users/ryan/Dev/2.3.4/eandv_npb/index/development/type
query: title:apartments
stored_fields: 
LocalIndex: ensure_index_exists at /Users/ryan/Dev/2.3.4/eandv_npb/index/development/property
LocalIndex: ensure_index_exists at /Users/ryan/Dev/2.3.4/eandv_npb/index/development/property
query: +title:santa +title:ana
stored_fields: 
LocalIndex: ensure_index_exists at /Users/ryan/Dev/2.3.4/eandv_npb/index/development/location
LocalIndex: ensure_index_exists at /Users/ryan/Dev/2.3.4/eandv_npb/index/development/location
query: +(zipcod:santa area:santa region:santa state:santa) +(zipcod:ana area:ana region:ana state:ana)
stored_fields: 
LocalIndex: ensure_index_exists at /Users/ryan/Dev/2.3.4/eandv_npb/index/development/type
LocalIndex: ensure_index_exists at /Users/ryan/Dev/2.3.4/eandv_npb/index/development/type
query: +title:santa +title:ana
stored_fields: 
LocalIndex: ensure_index_exists at /Users/ryan/Dev/2.3.4/eandv_npb/index/development/property
LocalIndex: ensure_index_exists at /Users/ryan/Dev/2.3.4/eandv_npb/index/development/property
query: title:irvine
stored_fields: 
LocalIndex: ensure_index_exists at /Users/ryan/Dev/2.3.4/eandv_npb/index/development/location
LocalIndex: ensure_index_exists at /Users/ryan/Dev/2.3.4/eandv_npb/index/development/location
query: zipcod:irvine area:irvine region:irvine state:irvine
stored_fields: 
LocalIndex: ensure_index_exists at /Users/ryan/Dev/2.3.4/eandv_npb/index/development/type
LocalIndex: ensure_index_exists at /Users/ryan/Dev/2.3.4/eandv_npb/index/development/type
query: title:irvine
stored_fields: 
LocalIndex: ensure_index_exists at /Users/ryan/Dev/2.3.4/eandv_npb/index/development/property
LocalIndex: ensure_index_exists at /Users/ryan/Dev/2.3.4/eandv_npb/index/development/property
query: title:orange
stored_fields: 
LocalIndex: ensure_index_exists at /Users/ryan/Dev/2.3.4/eandv_npb/index/development/location
LocalIndex: ensure_index_exists at /Users/ryan/Dev/2.3.4/eandv_npb/index/development/location
query: zipcod:orange area:orange region:orange state:orange
stored_fields: 
LocalIndex: ensure_index_exists at /Users/ryan/Dev/2.3.4/eandv_npb/index/development/type
LocalIndex: ensure_index_exists at /Users/ryan/Dev/2.3.4/eandv_npb/index/development/type
query: title:orange
stored_fields: 
LocalIndex: ensure_index_exists at /Users/ryan/Dev/2.3.4/eandv_npb/index/development/property
LocalIndex: ensure_index_exists at /Users/ryan/Dev/2.3.4/eandv_npb/index/development/property
query: title:orange
stored_fields: 
LocalIndex: ensure_index_exists at /Users/ryan/Dev/2.3.4/eandv_npb/index/development/location
LocalIndex: ensure_index_exists at /Users/ryan/Dev/2.3.4/eandv_npb/index/development/location
query: zipcod:orange area:orange region:orange state:orange
stored_fields: 
LocalIndex: ensure_index_exists at /Users/ryan/Dev/2.3.4/eandv_npb/index/development/type
LocalIndex: ensure_index_exists at /Users/ryan/Dev/2.3.4/eandv_npb/index/development/type
query: title:orange
stored_fields: 
LocalIndex: ensure_index_exists at /Users/ryan/Dev/2.3.4/eandv_npb/index/development/property
LocalIndex: ensure_index_exists at /Users/ryan/Dev/2.3.4/eandv_npb/index/development/property
LocalIndex: ensure_index_exists at /Users/ryan/Dev/2.3.4/eandv_npb/index/development/property
query: title:orange
stored_fields: 
LocalIndex: ensure_index_exists at /Users/ryan/Dev/2.3.4/eandv_npb/index/development/location
LocalIndex: ensure_index_exists at /Users/ryan/Dev/2.3.4/eandv_npb/index/development/location
LocalIndex: ensure_index_exists at /Users/ryan/Dev/2.3.4/eandv_npb/index/development/location
query: zipcod:orange area:orange county:orange region:orange state:orange
stored_fields: 
LocalIndex: ensure_index_exists at /Users/ryan/Dev/2.3.4/eandv_npb/index/development/type
LocalIndex: ensure_index_exists at /Users/ryan/Dev/2.3.4/eandv_npb/index/development/type
LocalIndex: ensure_index_exists at /Users/ryan/Dev/2.3.4/eandv_npb/index/development/type
query: title:orange
stored_fields: 
LocalIndex: ensure_index_exists at /Users/ryan/Dev/2.3.4/eandv_npb/index/development/property
LocalIndex: ensure_index_exists at /Users/ryan/Dev/2.3.4/eandv_npb/index/development/property
query: title:orange
stored_fields: 
LocalIndex: ensure_index_exists at /Users/ryan/Dev/2.3.4/eandv_npb/index/development/location
LocalIndex: ensure_index_exists at /Users/ryan/Dev/2.3.4/eandv_npb/index/development/location
query: zipcod:orange area:orange county:Orange region:orange state:orange
stored_fields: 
LocalIndex: ensure_index_exists at /Users/ryan/Dev/2.3.4/eandv_npb/index/development/type
LocalIndex: ensure_index_exists at /Users/ryan/Dev/2.3.4/eandv_npb/index/development/type
query: title:orange
stored_fields: 
LocalIndex: ensure_index_exists at /Users/ryan/Dev/2.3.4/eandv_npb/index/development/property
LocalIndex: ensure_index_exists at /Users/ryan/Dev/2.3.4/eandv_npb/index/development/property
query: +title:newport +title:beach
stored_fields: 
LocalIndex: ensure_index_exists at /Users/ryan/Dev/2.3.4/eandv_npb/index/development/location
LocalIndex: ensure_index_exists at /Users/ryan/Dev/2.3.4/eandv_npb/index/development/location
query: +(zipcod:newport area:newport county:newport region:newport state:newport) +(zipcod:beach area:beach county:beach region:beach state:beach)
stored_fields: 
LocalIndex: ensure_index_exists at /Users/ryan/Dev/2.3.4/eandv_npb/index/development/type
LocalIndex: ensure_index_exists at /Users/ryan/Dev/2.3.4/eandv_npb/index/development/type
query: +title:newport +title:beach
stored_fields: 
LocalIndex: ensure_index_exists at /Users/ryan/Dev/2.3.4/eandv_npb/index/development/property
LocalIndex: ensure_index_exists at /Users/ryan/Dev/2.3.4/eandv_npb/index/development/property
query: title:mamma
stored_fields: 
LocalIndex: ensure_index_exists at /Users/ryan/Dev/2.3.4/eandv_npb/index/development/location
LocalIndex: ensure_index_exists at /Users/ryan/Dev/2.3.4/eandv_npb/index/development/location
query: +(county:your) +(zipcod:mamma area:mamma county:mamma region:mamma state:mamma)
stored_fields: 
LocalIndex: ensure_index_exists at /Users/ryan/Dev/2.3.4/eandv_npb/index/development/type
LocalIndex: ensure_index_exists at /Users/ryan/Dev/2.3.4/eandv_npb/index/development/type
query: title:mamma
stored_fields: 
LocalIndex: ensure_index_exists at /Users/ryan/Dev/2.3.4/eandv_npb/index/development/property
LocalIndex: ensure_index_exists at /Users/ryan/Dev/2.3.4/eandv_npb/index/development/property
query: title:manila
stored_fields: 
LocalIndex: ensure_index_exists at /Users/ryan/Dev/2.3.4/eandv_npb/index/development/location
LocalIndex: ensure_index_exists at /Users/ryan/Dev/2.3.4/eandv_npb/index/development/location
query: zipcod:manila area:manila county:manila region:manila state:manila
stored_fields: 
LocalIndex: ensure_index_exists at /Users/ryan/Dev/2.3.4/eandv_npb/index/development/type
LocalIndex: ensure_index_exists at /Users/ryan/Dev/2.3.4/eandv_npb/index/development/type
query: title:manila
stored_fields: 
LocalIndex: ensure_index_exists at /Users/ryan/Dev/2.3.4/eandv_npb/index/development/property
LocalIndex: ensure_index_exists at /Users/ryan/Dev/2.3.4/eandv_npb/index/development/property
query: title:villla
stored_fields: 
LocalIndex: ensure_index_exists at /Users/ryan/Dev/2.3.4/eandv_npb/index/development/location
LocalIndex: ensure_index_exists at /Users/ryan/Dev/2.3.4/eandv_npb/index/development/location
query: zipcod:villla area:villla county:villla region:villla state:villla
stored_fields: 
LocalIndex: ensure_index_exists at /Users/ryan/Dev/2.3.4/eandv_npb/index/development/type
LocalIndex: ensure_index_exists at /Users/ryan/Dev/2.3.4/eandv_npb/index/development/type
query: title:villla
stored_fields: 
LocalIndex: ensure_index_exists at /Users/ryan/Dev/2.3.4/eandv_npb/index/development/property
LocalIndex: ensure_index_exists at /Users/ryan/Dev/2.3.4/eandv_npb/index/development/property
query: title:villa
stored_fields: 
LocalIndex: ensure_index_exists at /Users/ryan/Dev/2.3.4/eandv_npb/index/development/location
LocalIndex: ensure_index_exists at /Users/ryan/Dev/2.3.4/eandv_npb/index/development/location
query: zipcod:villa area:villa county:villa region:villa state:villa
stored_fields: 
LocalIndex: ensure_index_exists at /Users/ryan/Dev/2.3.4/eandv_npb/index/development/type
LocalIndex: ensure_index_exists at /Users/ryan/Dev/2.3.4/eandv_npb/index/development/type
query: title:villa
stored_fields: 
LocalIndex: ensure_index_exists at /Users/ryan/Dev/2.3.4/eandv_npb/index/development/property
LocalIndex: ensure_index_exists at /Users/ryan/Dev/2.3.4/eandv_npb/index/development/property
query: title:villa
stored_fields: 
LocalIndex: ensure_index_exists at /Users/ryan/Dev/2.3.4/eandv_npb/index/development/location
LocalIndex: ensure_index_exists at /Users/ryan/Dev/2.3.4/eandv_npb/index/development/location
query: zipcod:villa area:villa county:villa region:villa state:villa
stored_fields: 
LocalIndex: ensure_index_exists at /Users/ryan/Dev/2.3.4/eandv_npb/index/development/type
LocalIndex: ensure_index_exists at /Users/ryan/Dev/2.3.4/eandv_npb/index/development/type
query: title:villa
stored_fields: 
LocalIndex: ensure_index_exists at /Users/ryan/Dev/2.3.4/eandv_npb/index/development/property
LocalIndex: ensure_index_exists at /Users/ryan/Dev/2.3.4/eandv_npb/index/development/property
query: title:apartments
stored_fields: 
LocalIndex: ensure_index_exists at /Users/ryan/Dev/2.3.4/eandv_npb/index/development/location
LocalIndex: ensure_index_exists at /Users/ryan/Dev/2.3.4/eandv_npb/index/development/location
query: zipcod:apartments area:apartments county:apartments region:apartments state:apartments
stored_fields: 
LocalIndex: ensure_index_exists at /Users/ryan/Dev/2.3.4/eandv_npb/index/development/type
LocalIndex: ensure_index_exists at /Users/ryan/Dev/2.3.4/eandv_npb/index/development/type
query: title:apartments
stored_fields: 
LocalIndex: ensure_index_exists at /Users/ryan/Dev/2.3.4/eandv_npb/index/development/property
LocalIndex: ensure_index_exists at /Users/ryan/Dev/2.3.4/eandv_npb/index/development/property
LocalIndex: ensure_index_exists at /Users/ryan/Dev/2.3.4/eandv_npb/index/development/property
query: bedrooms:3 title:3
stored_fields: 
LocalIndex: ensure_index_exists at /Users/ryan/Dev/2.3.4/eandv_npb/index/development/location
LocalIndex: ensure_index_exists at /Users/ryan/Dev/2.3.4/eandv_npb/index/development/location
LocalIndex: ensure_index_exists at /Users/ryan/Dev/2.3.4/eandv_npb/index/development/location
query: zipcod:3 county:3 area:3 region:3 state:3
stored_fields: 
LocalIndex: ensure_index_exists at /Users/ryan/Dev/2.3.4/eandv_npb/index/development/type
LocalIndex: ensure_index_exists at /Users/ryan/Dev/2.3.4/eandv_npb/index/development/type
LocalIndex: ensure_index_exists at /Users/ryan/Dev/2.3.4/eandv_npb/index/development/type
query: title:3
stored_fields: 
LocalIndex: ensure_index_exists at /Users/ryan/Dev/2.3.4/eandv_npb/index/development/property
LocalIndex: ensure_index_exists at /Users/ryan/Dev/2.3.4/eandv_npb/index/development/property
query: bedrooms:5 title:5
stored_fields: 
LocalIndex: ensure_index_exists at /Users/ryan/Dev/2.3.4/eandv_npb/index/development/location
LocalIndex: ensure_index_exists at /Users/ryan/Dev/2.3.4/eandv_npb/index/development/location
query: zipcod:5 county:5 area:5 region:5 state:5
stored_fields: 
LocalIndex: ensure_index_exists at /Users/ryan/Dev/2.3.4/eandv_npb/index/development/type
LocalIndex: ensure_index_exists at /Users/ryan/Dev/2.3.4/eandv_npb/index/development/type
query: title:5
stored_fields: 
LocalIndex: ensure_index_exists at /Users/ryan/Dev/2.3.4/eandv_npb/index/development/property
LocalIndex: ensure_index_exists at /Users/ryan/Dev/2.3.4/eandv_npb/index/development/property
query: bedrooms:apartments title:apartments
stored_fields: 
LocalIndex: ensure_index_exists at /Users/ryan/Dev/2.3.4/eandv_npb/index/development/location
LocalIndex: ensure_index_exists at /Users/ryan/Dev/2.3.4/eandv_npb/index/development/location
query: zipcod:apartments county:apartments area:apartments region:apartments state:apartments
stored_fields: 
LocalIndex: ensure_index_exists at /Users/ryan/Dev/2.3.4/eandv_npb/index/development/type
LocalIndex: ensure_index_exists at /Users/ryan/Dev/2.3.4/eandv_npb/index/development/type
query: title:apartments
stored_fields: 
LocalIndex: ensure_index_exists at /Users/ryan/Dev/2.3.4/eandv_npb/index/development/property
LocalIndex: ensure_index_exists at /Users/ryan/Dev/2.3.4/eandv_npb/index/development/property
query: bedrooms:corona title:corona
stored_fields: 
LocalIndex: ensure_index_exists at /Users/ryan/Dev/2.3.4/eandv_npb/index/development/location
LocalIndex: ensure_index_exists at /Users/ryan/Dev/2.3.4/eandv_npb/index/development/location
query: zipcod:corona county:corona area:corona region:corona state:corona
stored_fields: 
LocalIndex: ensure_index_exists at /Users/ryan/Dev/2.3.4/eandv_npb/index/development/type
LocalIndex: ensure_index_exists at /Users/ryan/Dev/2.3.4/eandv_npb/index/development/type
query: title:corona
stored_fields: 
LocalIndex: ensure_index_exists at /Users/ryan/Dev/2.3.4/eandv_npb/index/development/location
LocalIndex: ensure_index_exists at /Users/ryan/Dev/2.3.4/eandv_npb/index/development/location
query: county:All
stored_fields: 
LocalIndex: ensure_index_exists at /Users/ryan/Dev/2.3.4/eandv_npb/index/development/type
LocalIndex: ensure_index_exists at /Users/ryan/Dev/2.3.4/eandv_npb/index/development/type
query: 
stored_fields: 
LocalIndex: ensure_index_exists at /Users/ryan/Dev/2.3.4/eandv_npb/index/development/location
LocalIndex: ensure_index_exists at /Users/ryan/Dev/2.3.4/eandv_npb/index/development/location
query: county:All
stored_fields: 
LocalIndex: ensure_index_exists at /Users/ryan/Dev/2.3.4/eandv_npb/index/development/type
LocalIndex: ensure_index_exists at /Users/ryan/Dev/2.3.4/eandv_npb/index/development/type
query: 
stored_fields: 
LocalIndex: ensure_index_exists at /Users/ryan/Dev/2.3.4/eandv_npb/index/development/location
LocalIndex: ensure_index_exists at /Users/ryan/Dev/2.3.4/eandv_npb/index/development/location
query: county:All
stored_fields: 
LocalIndex: ensure_index_exists at /Users/ryan/Dev/2.3.4/eandv_npb/index/development/type
LocalIndex: ensure_index_exists at /Users/ryan/Dev/2.3.4/eandv_npb/index/development/type
query: 
stored_fields: 
LocalIndex: ensure_index_exists at /Users/ryan/Dev/2.3.4/eandv_npb/index/development/property
LocalIndex: ensure_index_exists at /Users/ryan/Dev/2.3.4/eandv_npb/index/development/property
query: bedrooms:apartments title:apartments
stored_fields: 
LocalIndex: ensure_index_exists at /Users/ryan/Dev/2.3.4/eandv_npb/index/development/location
LocalIndex: ensure_index_exists at /Users/ryan/Dev/2.3.4/eandv_npb/index/development/location
query: zipcod:apartments county:apartments area:apartments region:apartments state:apartments
stored_fields: 
LocalIndex: ensure_index_exists at /Users/ryan/Dev/2.3.4/eandv_npb/index/development/type
LocalIndex: ensure_index_exists at /Users/ryan/Dev/2.3.4/eandv_npb/index/development/type
query: title:apartments
stored_fields: 
LocalIndex: ensure_index_exists at /Users/ryan/Dev/2.3.4/eandv_npb/index/development/location
LocalIndex: ensure_index_exists at /Users/ryan/Dev/2.3.4/eandv_npb/index/development/location
query: county:All
stored_fields: 
LocalIndex: ensure_index_exists at /Users/ryan/Dev/2.3.4/eandv_npb/index/development/type
LocalIndex: ensure_index_exists at /Users/ryan/Dev/2.3.4/eandv_npb/index/development/type
query: 
stored_fields: 
